<?xml version="1.0" encoding="utf-8"?><testsuites name="pytest tests"><testsuite name="pytest" errors="0" failures="0" skipped="0" tests="17" time="8.074" timestamp="2026-05-19T18:16:08.041403+00:00" hostname="agent-env-394393c8-93cc-434a-a428-9a3c0b31a3fb"><testcase classname="tests.test_iteration_54_licenses.TestLicensesCRUD" name="test_create_unitary_license" time="0.606" /><testcase classname="tests.test_iteration_54_licenses.TestLicensesCRUD" name="test_create_package_license" time="0.109" /><testcase classname="tests.test_iteration_54_licenses.TestLicensesCRUD" name="test_create_zero_qty_rejected" time="0.142" /><testcase classname="tests.test_iteration_54_licenses.TestLicensesCRUD" name="test_list_licenses" time="0.103" /><testcase classname="tests.test_iteration_54_licenses.TestLicensesCRUD" name="test_update_license" time="0.129" /><testcase classname="tests.test_iteration_54_licenses.TestLicensesCRUD" name="test_delete_unused_license_hard" time="0.364" /><testcase classname="tests.test_iteration_54_licenses.TestCompanyLicensesIntegration" name="test_create_company_with_licenses_computes_limits" time="0.555" /><testcase classname="tests.test_iteration_54_licenses.TestCompanyLicensesIntegration" name="test_company_usage_endpoint" time="0.113" /><testcase classname="tests.test_iteration_54_licenses.TestCompanyLicensesIntegration" name="test_update_company_clear_licenses_sets_null_limits" time="0.459" /><testcase classname="tests.test_iteration_54_licenses.TestCompanyLicensesIntegration" name="test_enforcement_connections_blocks_second" time="0.714" /><testcase classname="tests.test_iteration_54_licenses.TestCompanyLicensesIntegration" name="test_enforcement_users_blocks_second" time="0.620" /><testcase classname="tests.test_iteration_54_licenses.TestCompanyLicensesIntegration" name="test_enforcement_legacy_no_limit_passes" time="0.792" /><testcase classname="tests.test_iteration_54_licenses.TestAdmTxnLicensesField" name="test_create_txn_kind_licenca_with_snapshot" time="0.475" /><testcase classname="tests.test_iteration_54_licenses.TestAdmTxnLicensesField" name="test_create_txn_kind_diversos_no_company" time="0.104" /><testcase classname="tests.test_iteration_54_licenses.TestAdmTxnLicensesField" name="test_list_txn_filter_by_kind_and_company" time="0.125" /><testcase classname="tests.test_iteration_54_licenses.TestAdmTxnLicensesField" name="test_list_txn_filter_kind_diversos" time="0.110" /><testcase classname="tests.test_iteration_54_licenses.TestLicenseSoftDelete" name="test_delete_referenced_license_is_soft" time="2.452" /></testsuite></testsuites>