<?xml version="1.0" encoding="utf-8"?><testsuites name="pytest tests"><testsuite name="pytest" errors="0" failures="0" skipped="0" tests="10" time="4.675" timestamp="2026-05-15T00:06:18.615499+00:00" hostname="agent-env-394393c8-93cc-434a-a428-9a3c0b31a3fb"><testcase classname="backend.tests.test_bot_pause_api.TestBotSettingsAPI" name="test_default_on_when_field_missing" time="0.599" /><testcase classname="backend.tests.test_bot_pause_api.TestBotSettingsAPI" name="test_put_persists_false" time="0.268" /><testcase classname="backend.tests.test_bot_pause_api.TestBotSettingsAPI" name="test_put_persists_true_again" time="0.133" /><testcase classname="backend.tests.test_bot_pause_api.TestManualBotPause" name="test_manual_pause_true_sets_flags" time="0.385" /><testcase classname="backend.tests.test_bot_pause_api.TestManualBotPause" name="test_manual_pause_false_clears_flags" time="0.349" /><testcase classname="backend.tests.test_bot_pause_api.TestManualBotPause" name="test_manual_pause_404_for_unknown_ticket" time="0.120" /><testcase classname="backend.tests.test_bot_pause_api.TestAutoPauseOnAgentMessage" name="test_agent_message_pauses_bot_when_company_enabled" time="0.558" /><testcase classname="backend.tests.test_bot_pause_api.TestAutoPauseOnAgentMessage" name="test_agent_message_does_not_pause_when_company_disabled" time="0.627" /><testcase classname="backend.tests.test_bot_pause_api.TestAutoResumeOnClose" name="test_close_ticket_clears_bot_paused" time="0.561" /><testcase classname="backend.tests.test_bot_pause_api.TestNonAdminPutForbidden" name="test_non_admin_put_bot_settings_returns_403" time="0.912" /></testsuite></testsuites>