<?xml version="1.0" encoding="utf-8"?><testsuites name="pytest tests"><testsuite name="pytest" errors="0" failures="0" skipped="5" tests="45" time="66.298" timestamp="2026-04-30T16:26:04.156137+00:00" hostname="agent-env-394393c8-93cc-434a-a428-9a3c0b31a3fb"><testcase classname="backend.tests.test_iteration_40.TestTemplates" name="test_auto_seed_default" time="0.631" /><testcase classname="backend.tests.test_iteration_40.TestTemplates" name="test_create_and_exclusive_default" time="0.596" /><testcase classname="backend.tests.test_iteration_40.TestTemplates" name="test_get_template_404" time="0.146" /><testcase classname="backend.tests.test_iteration_40.TestServices" name="test_create" time="0.136" /><testcase classname="backend.tests.test_iteration_40.TestServices" name="test_list_contains" time="0.151" /><testcase classname="backend.tests.test_iteration_40.TestServices" name="test_update_and_persist" time="0.146" /><testcase classname="backend.tests.test_iteration_40.TestServices" name="test_delete" time="0.310" /><testcase classname="backend.tests.test_iteration_40.TestFreights" name="test_create" time="0.147" /><testcase classname="backend.tests.test_iteration_40.TestFreights" name="test_update_and_delete" time="0.337" /><testcase classname="backend.tests.test_iteration_40.TestQuotes" name="test_setup_catalog" time="0.429" /><testcase classname="backend.tests.test_iteration_40.TestQuotes" name="test_create_quote_computes_totals" time="0.130" /><testcase classname="backend.tests.test_iteration_40.TestQuotes" name="test_create_without_ticket_rejected" time="0.139" /><testcase classname="backend.tests.test_iteration_40.TestQuotes" name="test_get_quote" time="0.141" /><testcase classname="backend.tests.test_iteration_40.TestQuotes" name="test_get_404" time="0.130" /><testcase classname="backend.tests.test_iteration_40.TestQuotes" name="test_list_with_filter" time="0.148" /><testcase classname="backend.tests.test_iteration_40.TestQuotes" name="test_update_recalcs" time="0.159" /><testcase classname="backend.tests.test_iteration_40.TestQuotes" name="test_render_html" time="0.299" /><testcase classname="backend.tests.test_iteration_40.TestQuotes" name="test_sequential_quote_number" time="0.272" /><testcase classname="backend.tests.test_iteration_40.TestQuotes" name="test_delete_quote" time="0.612" /><testcase classname="backend.tests.test_iteration_40.TestMultiTenant" name="test_crm_service_not_visible_to_boss" time="1.288" /><testcase classname="backend.tests.test_iteration_40.TestMultiTenant" name="test_quote_not_visible_to_other_tenant" time="0.770" /><testcase classname="backend.tests.test_iteration_42.TestPdfDownload" name="test_pdf_returns_application_pdf" time="0.943" /><testcase classname="backend.tests.test_iteration_42.TestPdfDownload" name="test_pdf_requires_auth" time="0.156" /><testcase classname="backend.tests.test_iteration_42.TestPdfDownload" name="test_pdf_404" time="0.146" /><testcase classname="backend.tests.test_iteration_42.TestSendWhatsapp" name="test_phone_required_when_no_client_no_ticket" time="0.159"><skipped type="pytest.skip" message="Phase 4 contract: quotes always have a ticket; phone falls back from ticket">/app/backend/tests/test_iteration_42.py:115: Phase 4 contract: quotes always have a ticket; phone falls back from ticket</skipped></testcase><testcase classname="backend.tests.test_iteration_42.TestSendWhatsapp" name="test_invalid_connection_returns_404" time="0.149" /><testcase classname="backend.tests.test_iteration_42.TestSendWhatsapp" name="test_microservice_failure_returns_502_not_500" time="0.455" /><testcase classname="backend.tests.test_iteration_42.TestSendWhatsapp" name="test_ticket_logs_message_even_on_failure" time="1.044" /><testcase classname="backend.tests.test_iteration_42.TestMultiTenantSend" name="test_cross_tenant_connection_returns_404" time="0.686" /><testcase classname="backend.tests.test_iteration_42.TestMicroserviceEndpoint" name="test_send_media_endpoint_exists_and_validates" time="0.285" /><testcase classname="backend.tests.test_iteration_43.TestUploadDocxSuccess" name="test_upload_real_incinera_docx" time="0.367"><skipped type="pytest.skip" message="real docx not available">/app/backend/tests/test_iteration_43.py:54: real docx not available</skipped></testcase><testcase classname="backend.tests.test_iteration_43.TestUploadDocxSuccess" name="test_unmapped_tokens_preserved_as_double_brace" time="0.000"><skipped type="pytest.skip" message="real docx not available">/app/backend/tests/test_iteration_43.py:79: real docx not available</skipped></testcase><testcase classname="backend.tests.test_iteration_43.TestUploadDocxSuccess" name="test_default_flag_exclusive" time="0.000"><skipped type="pytest.skip" message="real docx not available">/app/backend/tests/test_iteration_43.py:94: real docx not available</skipped></testcase><testcase classname="backend.tests.test_iteration_43.TestUploadDocxRejections" name="test_rejects_non_docx_extension" time="0.148" /><testcase classname="backend.tests.test_iteration_43.TestUploadDocxRejections" name="test_rejects_oversize_file" time="0.719" /><testcase classname="backend.tests.test_iteration_43.TestUploadDocxRejections" name="test_rejects_corrupt_docx" time="0.169" /><testcase classname="backend.tests.test_iteration_43.TestUploadDocxMultiTenant" name="test_boss_cannot_read_or_edit_crm_template" time="0.375"><skipped type="pytest.skip" message="real docx not available">/app/backend/tests/test_iteration_43.py:156: real docx not available</skipped></testcase><testcase classname="backend.tests.test_iteration_44.TestQuotesRequireTicket" name="test_quote_without_ticket_id_400" time="0.489" /><testcase classname="backend.tests.test_iteration_44.TestQuotesRequireTicket" name="test_quote_with_ticket_id_uses_ticket_number" time="1.148" /><testcase classname="backend.tests.test_iteration_44.TestQuotesRequireTicket" name="test_quote_with_other_tenant_ticket_404" time="0.802" /><testcase classname="backend.tests.test_iteration_44.TestMergeTickets" name="test_merge_messages_tags_quotes" time="1.358" /><testcase classname="backend.tests.test_iteration_44.TestMergeTickets" name="test_merge_src_equals_dst_400" time="0.434" /><testcase classname="backend.tests.test_iteration_44.TestMergeTickets" name="test_merge_cross_tenant_404" time="47.628" /><testcase classname="backend.tests.test_iteration_44.TestWebhookLidFallback" name="test_lid_phone_merges_into_existing_ticket" time="0.787" /><testcase classname="backend.tests.test_iteration_44.TestWebhookLidFallback" name="test_normal_brazilian_phone_creates_or_uses_phone_match" time="0.552" /></testsuite></testsuites>