<?xml version="1.0" encoding="utf-8"?><testsuites name="pytest tests"><testsuite name="pytest" errors="0" failures="0" skipped="0" tests="13" time="4.338" timestamp="2026-04-21T03:39:44.403849+00:00" hostname="agent-env-394393c8-93cc-434a-a428-9a3c0b31a3fb"><testcase classname="backend.tests.test_iteration_20.TestDynamicManifest" name="test_manifest_boss" time="0.201" /><testcase classname="backend.tests.test_iteration_20.TestDynamicManifest" name="test_manifest_unknown_slug_defaults_to_agentcrm" time="0.131" /><testcase classname="backend.tests.test_iteration_20.TestAllFeatures" name="test_requires_auth" time="0.110" /><testcase classname="backend.tests.test_iteration_20.TestAllFeatures" name="test_returns_grouped_features" time="0.470" /><testcase classname="backend.tests.test_iteration_20.TestCompanyUsersCrud" name="test_list_requires_auth" time="0.121" /><testcase classname="backend.tests.test_iteration_20.TestCompanyUsersCrud" name="test_list_no_password_field" time="0.114" /><testcase classname="backend.tests.test_iteration_20.TestCompanyUsersCrud" name="test_create_company_user" time="0.514" /><testcase classname="backend.tests.test_iteration_20.TestCompanyUsersCrud" name="test_create_duplicate_email_fails" time="0.155" /><testcase classname="backend.tests.test_iteration_20.TestCompanyUsersCrud" name="test_created_user_can_login" time="0.471" /><testcase classname="backend.tests.test_iteration_20.TestCompanyUsersCrud" name="test_update_name_only" time="0.474" /><testcase classname="backend.tests.test_iteration_20.TestCompanyUsersCrud" name="test_update_password" time="1.043" /><testcase classname="backend.tests.test_iteration_20.TestCompanyUsersCrud" name="test_delete_company_admin_blocked" time="0.215" /><testcase classname="backend.tests.test_iteration_20.TestCompanyUsersCrud" name="test_delete_created_user_cleanup" time="0.227" /></testsuite></testsuites>