<?xml version="1.0" encoding="utf-8"?><testsuites name="pytest tests"><testsuite name="pytest" errors="0" failures="0" skipped="0" tests="10" time="2.643" timestamp="2026-04-30T01:15:55.580606+00:00" hostname="agent-env-394393c8-93cc-434a-a428-9a3c0b31a3fb"><testcase classname="backend.tests.test_iteration_38.TestTicketClientLinking" name="test_create_ticket_creates_client_link" time="0.618" /><testcase classname="backend.tests.test_iteration_38.TestTicketClientLinking" name="test_get_ticket_client_returns_doc" time="0.085" /><testcase classname="backend.tests.test_iteration_38.TestTicketClientLinking" name="test_create_ticket_with_same_phone_reuses_client" time="0.080" /><testcase classname="backend.tests.test_iteration_38.TestTicketClientUpdate" name="test_put_updates_client_and_syncs_ticket_name" time="0.163" /><testcase classname="backend.tests.test_iteration_38.TestTicketClientUpdate" name="test_put_phone_change_syncs_ticket_phone" time="0.161" /><testcase classname="backend.tests.test_iteration_38.TestTicketClientUpdate" name="test_put_juridica_with_cnpj" time="0.154" /><testcase classname="backend.tests.test_iteration_38.TestTicketClientUpdate" name="test_put_ignores_non_whitelisted_fields" time="0.078" /><testcase classname="backend.tests.test_iteration_38.TestTicketUpdateClientId" name="test_put_ticket_with_client_id" time="0.076" /><testcase classname="backend.tests.test_iteration_38.TestRegressionIter36_37" name="test_kanban_column_id_set_then_change" time="0.266" /><testcase classname="backend.tests.test_iteration_38.TestRegressionIter36_37" name="test_tickets_report_endpoint_alive" time="0.899" /></testsuite></testsuites>