<?xml version="1.0" encoding="utf-8"?><testsuites name="pytest tests"><testsuite name="pytest" errors="0" failures="0" skipped="0" tests="18" time="5.383" timestamp="2026-04-29T19:52:43.505219+00:00" hostname="agent-env-394393c8-93cc-434a-a428-9a3c0b31a3fb"><testcase classname="backend.tests.test_iteration_35.TestClientExtendedFields" name="test_post_client_pj_full_fields" time="0.797" /><testcase classname="backend.tests.test_iteration_35.TestClientExtendedFields" name="test_put_client_updates_new_fields" time="0.246" /><testcase classname="backend.tests.test_iteration_35.TestTicketsReport" name="test_basic_shape_and_rows" time="0.123" /><testcase classname="backend.tests.test_iteration_35.TestTicketsReport" name="test_pagination_skip_and_total" time="0.319" /><testcase classname="backend.tests.test_iteration_35.TestTicketsReport" name="test_search_filter_by_name_case_insensitive" time="0.255" /><testcase classname="backend.tests.test_iteration_35.TestTicketsReport" name="test_status_filter" time="0.111" /><testcase classname="backend.tests.test_iteration_35.TestTicketsReport" name="test_date_filter_future_returns_empty" time="0.146" /><testcase classname="backend.tests.test_iteration_35.TestTicketsReport" name="test_only_rated_filter_excludes_null_ratings" time="0.160" /><testcase classname="backend.tests.test_iteration_35.TestTicketsReport" name="test_hydration_and_duration_seconds" time="0.309" /><testcase classname="backend.tests.test_iteration_35.TestTicketsReport" name="test_duration_is_none_when_not_closed" time="0.189" /><testcase classname="backend.tests.test_iteration_35.TestTicketsReport" name="test_tag_filter" time="0.126" /><testcase classname="backend.tests.test_iteration_35.TestTicketsOwnAppointmentsOnly" name="test_restricted_user_sees_only_own_tickets" time="0.994" /><testcase classname="backend.tests.test_iteration_35.TestTicketsOwnAppointmentsOnly" name="test_restricted_user_cannot_bypass_via_user_id_query" time="0.129" /><testcase classname="backend.tests.test_iteration_35.TestTicketsOwnAppointmentsOnly" name="test_admin_sees_both" time="0.303" /><testcase classname="backend.tests.test_iteration_35.TestAllFeaturesCatalog" name="test_relatorio_atendimentos_present_when_enabled_on_company" time="0.117" /><testcase classname="backend.tests.test_iteration_35.TestAllFeaturesCatalog" name="test_relatorio_atendimentos_hidden_when_not_enabled" time="0.138" /><testcase classname="backend.tests.test_iteration_35.TestRegressionIter33And34" name="test_commissions_summary_has_cost_and_profit" time="0.613" /><testcase classname="backend.tests.test_iteration_35.TestRegressionIter33And34" name="test_ticket_numbers_are_sequential" time="0.152" /></testsuite></testsuites>