<?xml version="1.0" encoding="utf-8"?><testsuites name="pytest tests"><testsuite name="pytest" errors="0" failures="0" skipped="0" tests="3" time="3.829" timestamp="2026-06-08T21:12:15.975212+00:00" hostname="agent-env-394393c8-93cc-434a-a428-9a3c0b31a3fb"><testcase classname="backend.tests.test_iteration_58.TestTicketStatusEnum" name="test_create_then_put_status_atendendo_with_assigned" time="1.634" /><testcase classname="backend.tests.test_iteration_58.TestQuickResponseCRUD" name="test_full_crud" time="1.172" /><testcase classname="backend.tests.test_iteration_58.TestCompanyUsers" name="test_get_company_users" time="0.951" /></testsuite></testsuites>