<?xml version="1.0" encoding="utf-8"?><testsuites name="pytest tests"><testsuite name="pytest" errors="0" failures="0" skipped="0" tests="16" time="8.329" timestamp="2026-04-28T15:02:45.930378+00:00" hostname="agent-env-394393c8-93cc-434a-a428-9a3c0b31a3fb"><testcase classname="backend.tests.test_iteration_33.TestServiceCostPersistence" name="test_create_service_with_cost" time="0.731" /><testcase classname="backend.tests.test_iteration_33.TestServiceCostPersistence" name="test_create_service_without_cost_is_none" time="0.501" /><testcase classname="backend.tests.test_iteration_33.TestServiceCostPersistence" name="test_update_service_cost" time="0.483" /><testcase classname="backend.tests.test_iteration_33.TestCommissionOnProfit" name="test_summary_has_total_cost_and_profit" time="2.221" /><testcase classname="backend.tests.test_iteration_33.TestCommissionOnProfit" name="test_scenario_A_profit_basis" time="0.120" /><testcase classname="backend.tests.test_iteration_33.TestCommissionOnProfit" name="test_scenario_B_cost_none_uses_revenue" time="0.109" /><testcase classname="backend.tests.test_iteration_33.TestCommissionOnProfit" name="test_scenario_C_cost_gt_price_zero_commission" time="0.119" /><testcase classname="backend.tests.test_iteration_33.TestCommissionOnProfit" name="test_scenario_D_service_pct_overrides_professional" time="0.119" /><testcase classname="backend.tests.test_iteration_33.TestCommissionOnProfit" name="test_scenario_E_cost_zero_uses_revenue" time="0.127" /><testcase classname="backend.tests.test_iteration_33.TestCommissionOnProfit" name="test_report_has_cost_and_profit_per_professional" time="0.127" /><testcase classname="backend.tests.test_iteration_33.TestCommissionOnProfit" name="test_breakdown_has_cost_profit_unit_cost" time="0.137" /><testcase classname="backend.tests.test_iteration_33.TestCommissionOnProfit" name="test_filter_period" time="0.114" /><testcase classname="backend.tests.test_iteration_33.TestCommissionOnProfit" name="test_filter_service_type_service" time="0.122" /><testcase classname="backend.tests.test_iteration_33.TestCommissionOnProfit" name="test_filter_service_type_product_empty" time="1.758" /><testcase classname="backend.tests.test_iteration_33.TestRegression" name="test_ticket_number_sequential" time="0.847" /><testcase classname="backend.tests.test_iteration_33.TestRegression" name="test_iter32_service_commission_persists" time="0.622" /></testsuite></testsuites>