<?xml version="1.0" encoding="utf-8"?><testsuites name="pytest tests"><testsuite name="pytest" errors="0" failures="0" skipped="0" tests="14" time="6.457" timestamp="2026-04-28T14:47:03.613398+00:00" hostname="agent-env-394393c8-93cc-434a-a428-9a3c0b31a3fb"><testcase classname="backend.tests.test_iteration_32.TestServiceCommissionPercent" name="test_create_service_with_commission" time="0.743" /><testcase classname="backend.tests.test_iteration_32.TestServiceCommissionPercent" name="test_create_service_without_commission_is_none" time="0.226" /><testcase classname="backend.tests.test_iteration_32.TestServiceCommissionPercent" name="test_update_service_commission" time="0.514" /><testcase classname="backend.tests.test_iteration_32.TestCommissionsReport" name="test_report_no_filters_shape" time="1.451" /><testcase classname="backend.tests.test_iteration_32.TestCommissionsReport" name="test_report_period_filter" time="0.218" /><testcase classname="backend.tests.test_iteration_32.TestCommissionsReport" name="test_report_professional_filter" time="0.117" /><testcase classname="backend.tests.test_iteration_32.TestCommissionsReport" name="test_report_service_type_filter" time="0.127" /><testcase classname="backend.tests.test_iteration_32.TestCommissionsReport" name="test_report_service_id_filter" time="0.130" /><testcase classname="backend.tests.test_iteration_32.TestCommissionsReport" name="test_report_calculation_service_overrides_professional" time="0.162" /><testcase classname="backend.tests.test_iteration_32.TestCommissionsReport" name="test_report_calculation_falls_back_to_professional" time="0.112" /><testcase classname="backend.tests.test_iteration_32.TestCommissionsReport" name="test_breakdown_fields_and_order" time="1.006" /><testcase classname="backend.tests.test_iteration_32.TestRegression" name="test_ticket_number_sequential" time="0.872" /><testcase classname="backend.tests.test_iteration_32.TestRegression" name="test_mobile_bottom_nav_present_on_company" time="0.464" /><testcase classname="backend.tests.test_iteration_32.TestRegression" name="test_resync_features_endpoint_alive" time="0.246" /></testsuite></testsuites>