<?xml version="1.0" encoding="utf-8"?><testsuites name="pytest tests"><testsuite name="pytest" errors="0" failures="0" skipped="5" tests="77" time="31.039" timestamp="2026-05-01T05:22:48.938814+00:00" hostname="agent-env-394393c8-93cc-434a-a428-9a3c0b31a3fb"><testcase classname="tests.test_iteration_40.TestTemplates" name="test_auto_seed_default" time="0.537" /><testcase classname="tests.test_iteration_40.TestTemplates" name="test_create_and_exclusive_default" time="0.607" /><testcase classname="tests.test_iteration_40.TestTemplates" name="test_get_template_404" time="0.145" /><testcase classname="tests.test_iteration_40.TestServices" name="test_create" time="0.139" /><testcase classname="tests.test_iteration_40.TestServices" name="test_list_contains" time="0.134" /><testcase classname="tests.test_iteration_40.TestServices" name="test_update_and_persist" time="0.144" /><testcase classname="tests.test_iteration_40.TestServices" name="test_delete" time="0.268" /><testcase classname="tests.test_iteration_40.TestFreights" name="test_create" time="0.140" /><testcase classname="tests.test_iteration_40.TestFreights" name="test_update_and_delete" time="0.268" /><testcase classname="tests.test_iteration_40.TestQuotes" name="test_setup_catalog" time="0.403" /><testcase classname="tests.test_iteration_40.TestQuotes" name="test_create_quote_computes_totals" time="0.135" /><testcase classname="tests.test_iteration_40.TestQuotes" name="test_create_without_ticket_rejected" time="0.129" /><testcase classname="tests.test_iteration_40.TestQuotes" name="test_get_quote" time="0.128" /><testcase classname="tests.test_iteration_40.TestQuotes" name="test_get_404" time="0.148" /><testcase classname="tests.test_iteration_40.TestQuotes" name="test_list_with_filter" time="0.155" /><testcase classname="tests.test_iteration_40.TestQuotes" name="test_update_recalcs" time="0.149" /><testcase classname="tests.test_iteration_40.TestQuotes" name="test_render_html" time="0.288" /><testcase classname="tests.test_iteration_40.TestQuotes" name="test_sequential_quote_number" time="0.276" /><testcase classname="tests.test_iteration_40.TestQuotes" name="test_delete_quote" time="0.578" /><testcase classname="tests.test_iteration_40.TestMultiTenant" name="test_crm_service_not_visible_to_boss" time="1.117" /><testcase classname="tests.test_iteration_40.TestMultiTenant" name="test_quote_not_visible_to_other_tenant" time="0.726" /><testcase classname="tests.test_iteration_42.TestPdfDownload" name="test_pdf_returns_application_pdf" time="0.885" /><testcase classname="tests.test_iteration_42.TestPdfDownload" name="test_pdf_requires_auth" time="0.128" /><testcase classname="tests.test_iteration_42.TestPdfDownload" name="test_pdf_404" time="0.143" /><testcase classname="tests.test_iteration_42.TestSendWhatsapp" name="test_phone_required_when_no_client_no_ticket" time="0.138"><skipped type="pytest.skip" message="Phase 4 contract: quotes always have a ticket; phone falls back from ticket">/app/backend/tests/test_iteration_42.py:115: Phase 4 contract: quotes always have a ticket; phone falls back from ticket</skipped></testcase><testcase classname="tests.test_iteration_42.TestSendWhatsapp" name="test_invalid_connection_returns_404" time="0.132" /><testcase classname="tests.test_iteration_42.TestSendWhatsapp" name="test_microservice_failure_returns_502_not_500" time="0.468" /><testcase classname="tests.test_iteration_42.TestSendWhatsapp" name="test_ticket_logs_message_even_on_failure" time="1.267" /><testcase classname="tests.test_iteration_42.TestMultiTenantSend" name="test_cross_tenant_connection_returns_404" time="0.664" /><testcase classname="tests.test_iteration_42.TestMicroserviceEndpoint" name="test_send_media_endpoint_exists_and_validates" time="0.271" /><testcase classname="tests.test_iteration_43.TestUploadDocxSuccess" name="test_upload_real_incinera_docx" time="0.370"><skipped type="pytest.skip" message="real docx not available">/app/backend/tests/test_iteration_43.py:54: real docx not available</skipped></testcase><testcase classname="tests.test_iteration_43.TestUploadDocxSuccess" name="test_unmapped_tokens_preserved_as_double_brace" time="0.000"><skipped type="pytest.skip" message="real docx not available">/app/backend/tests/test_iteration_43.py:79: real docx not available</skipped></testcase><testcase classname="tests.test_iteration_43.TestUploadDocxSuccess" name="test_default_flag_exclusive" time="0.000"><skipped type="pytest.skip" message="real docx not available">/app/backend/tests/test_iteration_43.py:94: real docx not available</skipped></testcase><testcase classname="tests.test_iteration_43.TestUploadDocxRejections" name="test_rejects_non_docx_extension" time="0.187" /><testcase classname="tests.test_iteration_43.TestUploadDocxRejections" name="test_rejects_oversize_file" time="0.780" /><testcase classname="tests.test_iteration_43.TestUploadDocxRejections" name="test_rejects_corrupt_docx" time="0.152" /><testcase classname="tests.test_iteration_43.TestUploadDocxMultiTenant" name="test_boss_cannot_read_or_edit_crm_template" time="0.370"><skipped type="pytest.skip" message="real docx not available">/app/backend/tests/test_iteration_43.py:156: real docx not available</skipped></testcase><testcase classname="tests.test_iteration_44.TestQuotesRequireTicket" name="test_quote_without_ticket_id_400" time="0.501" /><testcase classname="tests.test_iteration_44.TestQuotesRequireTicket" name="test_quote_with_ticket_id_uses_ticket_number" time="0.995" /><testcase classname="tests.test_iteration_44.TestQuotesRequireTicket" name="test_quote_with_other_tenant_ticket_404" time="0.792" /><testcase classname="tests.test_iteration_44.TestMergeTickets" name="test_merge_messages_tags_quotes" time="1.306" /><testcase classname="tests.test_iteration_44.TestMergeTickets" name="test_merge_src_equals_dst_400" time="0.412" /><testcase classname="tests.test_iteration_44.TestMergeTickets" name="test_merge_cross_tenant_404" time="0.700" /><testcase classname="tests.test_iteration_44.TestWebhookLidFallback" name="test_lid_phone_merges_into_existing_ticket" time="0.725" /><testcase classname="tests.test_iteration_44.TestWebhookLidFallback" name="test_normal_brazilian_phone_creates_or_uses_phone_match" time="1.504" /><testcase classname="tests.test_iteration_44.TestWebhookLidFallback" name="test_lid_fallback_works_even_without_ticket_connection_id" time="0.720" /><testcase classname="tests.test_iteration_44.TestWebhookLidFallback" name="test_lid_fallback_via_last_outgoing" time="0.738" /><testcase classname="tests.test_iteration_45.TestQuotePDF" name="test_pdf_binary_returned" time="1.205" /><testcase classname="tests.test_iteration_45.TestUpload" name="test_upload_requires_auth" time="0.142" /><testcase classname="tests.test_iteration_45.TestUpload" name="test_upload_returns_url" time="0.310" /><testcase classname="tests.test_iteration_45.TestUpload" name="test_download_public_no_auth" time="0.257" /><testcase classname="tests.test_iteration_45.TestUpload" name="test_download_nonexistent_404" time="0.138" /><testcase classname="tests.test_iteration_46.TestQuotePDFBrokenTemplate" name="test_upload_broken_prod_template" time="0.450" /><testcase classname="tests.test_iteration_46.TestQuotePDFBrokenTemplate" name="test_create_quote_with_items_and_freight" time="0.415" /><testcase classname="tests.test_iteration_46.TestQuotePDFBrokenTemplate" name="test_render_no_raw_placeholder_leak" time="0.087" /><testcase classname="tests.test_iteration_46.TestQuotePDFBrokenTemplate" name="test_pdf_returns_application_pdf_with_pdf_header" time="0.394" /><testcase classname="tests.test_iteration_46.TestQuoteDefaultTemplateRegression" name="test_default_template_render_and_pdf" time="0.439" /><testcase classname="tests.test_iteration_46.TestLidWebhookFlow" name="test_webhook_creates_lid_pending_ticket" time="0.222" /><testcase classname="tests.test_iteration_46.TestLidWebhookFlow" name="test_manual_resolve_lid_promotes" time="0.156" /><testcase classname="tests.test_iteration_46.TestLidResolvedWebhookMerge" name="test_setup_real_phone_ticket" time="0.227" /><testcase classname="tests.test_iteration_46.TestLidResolvedWebhookMerge" name="test_setup_lid_ticket" time="0.251" /><testcase classname="tests.test_iteration_46.TestLidResolvedWebhookMerge" name="test_webhook_lid_resolved_merges" time="0.297" /><testcase classname="tests.test_iteration_46.TestLidResolvedPromote" name="test_create_lid_only_ticket" time="0.217" /><testcase classname="tests.test_iteration_46.TestLidResolvedPromote" name="test_webhook_promotes" time="0.234" /><testcase classname="tests.test_iteration_46.TestRegressionMergeAndOutgoing" name="test_merge_into_endpoint_still_works" time="0.463" /><testcase classname="tests.test_iteration_46.TestRegressionMergeAndOutgoing" name="test_outgoing_message_normal_ticket_uses_customer_phone" time="0.941" /><testcase classname="tests.test_iteration_47.TestPdfModernCss" name="test_source_has_modern_css_rules" time="0.001" /><testcase classname="tests.test_iteration_47.TestPdfModernCss" name="test_pdf_broken_template_size_sane_and_valid" time="1.326" /><testcase classname="tests.test_iteration_47.TestPdfModernCss" name="test_pdf_render_no_placeholders_leak" time="0.347" /><testcase classname="tests.test_iteration_47.TestProbeLidEndpoint" name="test_probe_lid_requires_auth" time="0.147" /><testcase classname="tests.test_iteration_47.TestProbeLidEndpoint" name="test_probe_lid_requires_lid_jid_body" time="0.096" /><testcase classname="tests.test_iteration_47.TestProbeLidEndpoint" name="test_probe_lid_graceful_when_microservice_down_or_404" time="0.524" /><testcase classname="tests.test_iteration_47.TestProbeLidEndpoint" name="test_probe_lid_bogus_instance_handled" time="0.273" /><testcase classname="tests.test_iteration_47.TestWhatsappMicroserviceCode" name="test_js_syntax_valid" time="0.021" /><testcase classname="tests.test_iteration_47.TestWhatsappMicroserviceCode" name="test_js_has_all_features" time="0.000" /><testcase classname="tests.test_iteration_47.TestIter46RegressionSanity" name="test_crm_webhook_message_still_creates_ticket" time="0.171" /><testcase classname="tests.test_iteration_47.TestIter46RegressionSanity" name="test_resolve_lid_webhook_endpoint_responds" time="0.138" /></testsuite></testsuites>