<?xml version="1.0" encoding="utf-8"?><testsuites name="pytest tests"><testsuite name="pytest" errors="0" failures="0" skipped="0" tests="12" time="2.122" timestamp="2026-08-11T18:29:48.922890+00:00" hostname="agent-env-394393c8-93cc-434a-a428-9a3c0b31a3fb"><testcase classname="tests.test_iteration_64_send_gate" name="test_disabled_returns_true_and_no_stats_written" time="0.018" /><testcase classname="tests.test_iteration_64_send_gate" name="test_hourly_limit_blocks" time="0.041" /><testcase classname="tests.test_iteration_64_send_gate" name="test_daily_limit_blocks" time="0.013" /><testcase classname="tests.test_iteration_64_send_gate" name="test_cadence_blocks_then_allows" time="0.014" /><testcase classname="tests.test_iteration_64_send_gate" name="test_burst_pause" time="0.012" /><testcase classname="tests.test_iteration_64_send_gate" name="test_escalation_multiplies_interval" time="0.012" /><testcase classname="tests.test_iteration_64_send_gate" name="test_record_send_increments_and_resets" time="0.014" /><testcase classname="tests.test_iteration_64_send_gate" name="test_billing_reminders_gate_limits_to_one" time="0.041" /><testcase classname="tests.test_iteration_64_send_gate" name="test_reminders_gate_limits_to_one" time="0.030" /><testcase classname="tests.test_iteration_64_send_gate" name="test_surveys_gate_limits_to_one" time="0.017" /><testcase classname="tests.test_iteration_64_send_gate.TestCampaignSettingsAPI" name="test_get_campaign_settings" time="0.939" /><testcase classname="tests.test_iteration_64_send_gate.TestCampaignSettingsAPI" name="test_put_campaign_settings_persists" time="0.765" /></testsuite></testsuites>