<?xml version="1.0" encoding="utf-8"?><testsuites name="pytest tests"><testsuite name="pytest" errors="0" failures="0" skipped="0" tests="11" time="3.126" timestamp="2026-05-01T05:22:37.942554+00:00" hostname="agent-env-394393c8-93cc-434a-a428-9a3c0b31a3fb"><testcase classname="tests.test_iteration_47.TestPdfModernCss" name="test_source_has_modern_css_rules" time="0.001" /><testcase classname="tests.test_iteration_47.TestPdfModernCss" name="test_pdf_broken_template_size_sane_and_valid" time="1.436" /><testcase classname="tests.test_iteration_47.TestPdfModernCss" name="test_pdf_render_no_placeholders_leak" time="0.294" /><testcase classname="tests.test_iteration_47.TestProbeLidEndpoint" name="test_probe_lid_requires_auth" time="0.141" /><testcase classname="tests.test_iteration_47.TestProbeLidEndpoint" name="test_probe_lid_requires_lid_jid_body" time="0.074" /><testcase classname="tests.test_iteration_47.TestProbeLidEndpoint" name="test_probe_lid_graceful_when_microservice_down_or_404" time="0.513" /><testcase classname="tests.test_iteration_47.TestProbeLidEndpoint" name="test_probe_lid_bogus_instance_handled" time="0.275" /><testcase classname="tests.test_iteration_47.TestWhatsappMicroserviceCode" name="test_js_syntax_valid" time="0.020" /><testcase classname="tests.test_iteration_47.TestWhatsappMicroserviceCode" name="test_js_has_all_features" time="0.000" /><testcase classname="tests.test_iteration_47.TestIter46RegressionSanity" name="test_crm_webhook_message_still_creates_ticket" time="0.150" /><testcase classname="tests.test_iteration_47.TestIter46RegressionSanity" name="test_resolve_lid_webhook_endpoint_responds" time="0.137" /></testsuite></testsuites>