<?xml version="1.0" encoding="utf-8"?><testsuites name="pytest tests"><testsuite name="pytest" errors="0" failures="0" skipped="0" tests="14" time="4.706" timestamp="2026-05-01T04:02:42.019999+00:00" hostname="agent-env-394393c8-93cc-434a-a428-9a3c0b31a3fb"><testcase classname="tests.test_iteration_46.TestQuotePDFBrokenTemplate" name="test_upload_broken_prod_template" time="0.520" /><testcase classname="tests.test_iteration_46.TestQuotePDFBrokenTemplate" name="test_create_quote_with_items_and_freight" time="0.375" /><testcase classname="tests.test_iteration_46.TestQuotePDFBrokenTemplate" name="test_render_no_raw_placeholder_leak" time="0.090" /><testcase classname="tests.test_iteration_46.TestQuotePDFBrokenTemplate" name="test_pdf_returns_application_pdf_with_pdf_header" time="0.421" /><testcase classname="tests.test_iteration_46.TestQuoteDefaultTemplateRegression" name="test_default_template_render_and_pdf" time="0.420" /><testcase classname="tests.test_iteration_46.TestLidWebhookFlow" name="test_webhook_creates_lid_pending_ticket" time="0.217" /><testcase classname="tests.test_iteration_46.TestLidWebhookFlow" name="test_manual_resolve_lid_promotes" time="0.150" /><testcase classname="tests.test_iteration_46.TestLidResolvedWebhookMerge" name="test_setup_real_phone_ticket" time="0.229" /><testcase classname="tests.test_iteration_46.TestLidResolvedWebhookMerge" name="test_setup_lid_ticket" time="0.231" /><testcase classname="tests.test_iteration_46.TestLidResolvedWebhookMerge" name="test_webhook_lid_resolved_merges" time="0.290" /><testcase classname="tests.test_iteration_46.TestLidResolvedPromote" name="test_create_lid_only_ticket" time="0.230" /><testcase classname="tests.test_iteration_46.TestLidResolvedPromote" name="test_webhook_promotes" time="0.226" /><testcase classname="tests.test_iteration_46.TestRegressionMergeAndOutgoing" name="test_merge_into_endpoint_still_works" time="0.444" /><testcase classname="tests.test_iteration_46.TestRegressionMergeAndOutgoing" name="test_outgoing_message_normal_ticket_uses_customer_phone" time="0.769" /></testsuite></testsuites>