<?xml version="1.0" encoding="utf-8"?><testsuites name="pytest tests"><testsuite name="pytest" errors="0" failures="0" skipped="0" tests="9" time="4.101" timestamp="2026-07-22T18:22:00.067980+00:00" hostname="agent-env-394393c8-93cc-434a-a428-9a3c0b31a3fb"><testcase classname="tests.test_iteration_61_sgp_debug.TestConfigRegression" name="test_get_config" time="0.768" /><testcase classname="tests.test_iteration_61_sgp_debug.TestConfigRegression" name="test_put_config_saves" time="0.373" /><testcase classname="tests.test_iteration_61_sgp_debug.TestDebugConsultacliente" name="test_requires_super_admin_unauthenticated" time="0.126" /><testcase classname="tests.test_iteration_61_sgp_debug.TestDebugConsultacliente" name="test_requires_super_admin_regular_user" time="0.127" /><testcase classname="tests.test_iteration_61_sgp_debug.TestDebugConsultacliente" name="test_basic_call_and_diagnostic_hint" time="0.756" /><testcase classname="tests.test_iteration_61_sgp_debug.TestDebugConsultacliente" name="test_overrides_app_token_base_url" time="0.266" /><testcase classname="tests.test_iteration_61_sgp_debug.TestProxyUnchanged" name="test_unknown_action_returns_400" time="0.141" /><testcase classname="tests.test_iteration_61_sgp_debug.TestProxyUnchanged" name="test_proxy_requires_auth" time="0.148" /><testcase classname="tests.test_iteration_61_sgp_debug.TestProxyUnchanged" name="test_proxy_ignores_underscore_overrides" time="1.308" /></testsuite></testsuites>