<?xml version="1.0" encoding="utf-8"?><testsuites name="pytest tests"><testsuite name="pytest" errors="0" failures="0" skipped="0" tests="9" time="4.705" timestamp="2026-04-29T20:50:53.950266+00:00" hostname="agent-env-394393c8-93cc-434a-a428-9a3c0b31a3fb"><testcase classname="backend.tests.test_iteration_37.TestCompanyUserConnectionIds" name="test_create_company_user_with_connection_ids_persists" time="0.836" /><testcase classname="backend.tests.test_iteration_37.TestCompanyUserConnectionIds" name="test_create_company_user_omitted_connection_ids_defaults_empty" time="0.360" /><testcase classname="backend.tests.test_iteration_37.TestCompanyUserConnectionIds" name="test_update_company_user_sets_connection_ids" time="0.766" /><testcase classname="backend.tests.test_iteration_37.TestCompanyUserConnectionIds" name="test_update_company_user_empty_list_clears_field" time="0.551" /><testcase classname="backend.tests.test_iteration_37.TestCompanyUserConnectionIds" name="test_list_company_users_returns_connection_ids" time="0.527" /><testcase classname="backend.tests.test_iteration_37.TestLoginPayloadConnectionIds" name="test_login_user_payload_includes_connection_ids_field" time="0.787" /><testcase classname="backend.tests.test_iteration_37.TestAllFeaturesRegression" name="test_all_features_filtered_by_company_features" time="0.181" /><testcase classname="backend.tests.test_iteration_37.TestIter36Regression" name="test_put_channels_connection_rename_persists" time="0.254" /><testcase classname="backend.tests.test_iteration_37.TestIter36Regression" name="test_put_ticket_kanban_column_id_set_and_clear" time="0.303" /></testsuite></testsuites>