<?xml version="1.0" encoding="utf-8"?><testsuites name="pytest tests"><testsuite name="pytest" errors="0" failures="0" skipped="0" tests="15" time="2.262" timestamp="2026-04-21T18:28:36.321397+00:00" hostname="agent-env-394393c8-93cc-434a-a428-9a3c0b31a3fb"><testcase classname="backend.tests.test_iteration_23.TestRegression" name="test_login_admin" time="0.436" /><testcase classname="backend.tests.test_iteration_23.TestRegression" name="test_permissions" time="0.070" /><testcase classname="backend.tests.test_iteration_23.TestRegression" name="test_list_services" time="0.060" /><testcase classname="backend.tests.test_iteration_23.TestPlansCRUD" name="test_create_plan_with_items" time="0.120" /><testcase classname="backend.tests.test_iteration_23.TestPlansCRUD" name="test_list_plan_persisted" time="0.073" /><testcase classname="backend.tests.test_iteration_23.TestPlansCRUD" name="test_update_plan" time="0.075" /><testcase classname="backend.tests.test_iteration_23.TestPlansCRUD" name="test_delete_plan" time="0.123" /><testcase classname="backend.tests.test_iteration_23.TestSubscriptionsAndPublicBooking" name="test_setup_client_plan_and_subscription" time="0.194" /><testcase classname="backend.tests.test_iteration_23.TestSubscriptionsAndPublicBooking" name="test_public_subscription_lookup_active" time="0.063" /><testcase classname="backend.tests.test_iteration_23.TestSubscriptionsAndPublicBooking" name="test_public_subscription_lookup_no_sub" time="0.057" /><testcase classname="backend.tests.test_iteration_23.TestSubscriptionsAndPublicBooking" name="test_public_book_uses_subscription" time="0.182" /><testcase classname="backend.tests.test_iteration_23.TestSubscriptionsAndPublicBooking" name="test_public_book_no_subscription" time="0.112" /><testcase classname="backend.tests.test_iteration_23.TestSubscriptionsAndPublicBooking" name="test_subscription_expires_when_credits_zero" time="0.122" /><testcase classname="backend.tests.test_iteration_23.TestSubscriptionsAndPublicBooking" name="test_admin_create_appointment_no_whatsapp" time="0.064" /><testcase classname="backend.tests.test_iteration_23.TestSubscriptionsAndPublicBooking" name="test_cleanup" time="0.416" /></testsuite></testsuites>