<?xml version="1.0" encoding="utf-8"?><testsuites name="pytest tests"><testsuite name="pytest" errors="0" failures="0" skipped="0" tests="33" time="24.793" timestamp="2026-09-01T19:54:55.778327+00:00" hostname="agent-env-394393c8-93cc-434a-a428-9a3c0b31a3fb"><testcase classname="tests.test_iteration_68.TestSequentialIdempotence" name="test_three_identical_webhooks_create_one_ticket_and_one_flow_trigger" time="4.688" /><testcase classname="tests.test_iteration_68.TestConcurrentIdempotence" name="test_five_parallel_webhooks_same_msg_id" time="0.395" /><testcase classname="tests.test_iteration_68.TestDistinctMessageIds" name="test_different_msg_ids_append_to_same_ticket" time="0.897" /><testcase classname="tests.test_iteration_68.TestSameMsgIdDifferentPhones" name="test_index_is_scoped_to_connection_and_msg_id" time="0.542" /><testcase classname="tests.test_iteration_68.TestMissingMessageId" name="test_webhook_without_message_id_still_works_twice" time="0.540" /><testcase classname="tests.test_iteration_68.TestIndexPresence" name="test_unique_index_exists" time="0.383" /><testcase classname="tests.test_iteration_67.TestWebhookPerConnectionTickets" name="test_same_phone_two_connections_two_tickets" time="0.703" /><testcase classname="tests.test_iteration_67.TestWebhookPerConnectionTickets" name="test_second_inbound_same_connection_reuses_ticket" time="0.548" /><testcase classname="tests.test_iteration_67.TestWebhookPerConnectionTickets" name="test_from_me_creates_paused_ticket_on_own_connection" time="0.281" /><testcase classname="tests.test_iteration_67.TestLidFallback" name="test_manual_ticket_without_connection_still_matched_by_lid" time="0.245" /><testcase classname="tests.test_iteration_67.TestLidFallback" name="test_lid_does_not_cross_connections" time="0.145" /><testcase classname="tests.test_iteration_67.TestGroupTickets" name="test_group_ticket_keyed_by_group_jid" time="0.460" /><testcase classname="tests.test_iteration_67.TestCrmCreateTicketDuplicateGuard" name="test_duplicate_guard_is_connection_scoped" time="0.484" /><testcase classname="tests.test_iteration_67.TestCrmCreateTicketDuplicateGuard" name="test_unknown_connection_404" time="0.065" /><testcase classname="tests.test_iteration_67.TestCrmCreateTicketDuplicateGuard" name="test_requires_auth" time="0.172" /><testcase classname="tests.test_iteration_66.TestBotPauseEndpoint" name="test_pause_then_resume" time="1.055" /><testcase classname="tests.test_iteration_66.TestBotPauseEndpoint" name="test_unknown_ticket_404" time="0.151" /><testcase classname="tests.test_iteration_66.TestBotPauseEndpoint" name="test_requires_auth" time="0.132" /><testcase classname="tests.test_iteration_66.TestTransientRetry" name="test_transient_then_success_retries_once" time="3.043" /><testcase classname="tests.test_iteration_66.TestTransientRetry" name="test_transient_all_three_attempts_fail" time="3.011" /><testcase classname="tests.test_iteration_66.TestTransientRetry" name="test_non_transient_does_not_retry" time="0.007" /><testcase classname="tests.test_iteration_66.TestTransientRetry" name="test_healthy_first_attempt" time="0.007" /><testcase classname="tests.test_iteration_66.TestTransientRetry" name="test_httpx_timeout_exception_retries" time="1.509" /><testcase classname="tests.test_iteration_62_close_cooldown.TestSettingsField" name="test_get_returns_field_default" time="0.667" /><testcase classname="tests.test_iteration_62_close_cooldown.TestSettingsField" name="test_put_persists_value" time="0.339" /><testcase classname="tests.test_iteration_62_close_cooldown.TestSettingsField" name="test_put_rejects_negative" time="0.175" /><testcase classname="tests.test_iteration_62_close_cooldown.TestSettingsField" name="test_put_rejects_over_max" time="0.193" /><testcase classname="tests.test_iteration_62_close_cooldown.TestSettingsField" name="test_put_accepts_zero_and_365" time="0.259" /><testcase classname="tests.test_iteration_62_close_cooldown.TestManualCloseCooldown" name="test_cooldown_hit_skips_message" time="0.809" /><testcase classname="tests.test_iteration_62_close_cooldown.TestManualCloseCooldown" name="test_cooldown_disabled_when_zero" time="0.743" /><testcase classname="tests.test_iteration_62_close_cooldown.TestManualCloseCooldown" name="test_cooldown_expired_sends_again" time="0.681" /><testcase classname="tests.test_iteration_62_close_cooldown.TestManualCloseCooldown" name="test_cooldown_is_company_scoped" time="0.753" /><testcase classname="tests.test_iteration_62_close_cooldown.TestManualCloseCooldown" name="test_send_flag_off_no_message_no_check" time="0.499" /></testsuite></testsuites>