<?xml version="1.0" encoding="utf-8"?><testsuites name="pytest tests"><testsuite name="pytest" errors="7" failures="0" skipped="4" tests="37" time="11.044" timestamp="2026-04-30T16:25:04.468464+00:00" hostname="agent-env-394393c8-93cc-434a-a428-9a3c0b31a3fb"><testcase classname="backend.tests.test_iteration_40.TestTemplates" name="test_auto_seed_default" time="0.547" /><testcase classname="backend.tests.test_iteration_40.TestTemplates" name="test_create_and_exclusive_default" time="0.608" /><testcase classname="backend.tests.test_iteration_40.TestTemplates" name="test_get_template_404" time="0.150" /><testcase classname="backend.tests.test_iteration_40.TestServices" name="test_create" time="0.144" /><testcase classname="backend.tests.test_iteration_40.TestServices" name="test_list_contains" time="0.166" /><testcase classname="backend.tests.test_iteration_40.TestServices" name="test_update_and_persist" time="0.151" /><testcase classname="backend.tests.test_iteration_40.TestServices" name="test_delete" time="0.303" /><testcase classname="backend.tests.test_iteration_40.TestFreights" name="test_create" time="0.171" /><testcase classname="backend.tests.test_iteration_40.TestFreights" name="test_update_and_delete" time="0.313" /><testcase classname="backend.tests.test_iteration_40.TestQuotes" name="test_setup_catalog" time="0.460" /><testcase classname="backend.tests.test_iteration_40.TestQuotes" name="test_create_quote_computes_totals" time="0.151" /><testcase classname="backend.tests.test_iteration_40.TestQuotes" name="test_create_without_ticket_rejected" time="0.159" /><testcase classname="backend.tests.test_iteration_40.TestQuotes" name="test_get_quote" time="0.135" /><testcase classname="backend.tests.test_iteration_40.TestQuotes" name="test_get_404" time="0.166" /><testcase classname="backend.tests.test_iteration_40.TestQuotes" name="test_list_with_filter" time="0.160" /><testcase classname="backend.tests.test_iteration_40.TestQuotes" name="test_update_recalcs" time="0.144" /><testcase classname="backend.tests.test_iteration_40.TestQuotes" name="test_render_html" time="0.323" /><testcase classname="backend.tests.test_iteration_40.TestQuotes" name="test_sequential_quote_number" time="0.288" /><testcase classname="backend.tests.test_iteration_40.TestQuotes" name="test_delete_quote" time="0.598" /><testcase classname="backend.tests.test_iteration_40.TestMultiTenant" name="test_crm_service_not_visible_to_boss" time="1.187" /><testcase classname="backend.tests.test_iteration_40.TestMultiTenant" name="test_quote_not_visible_to_other_tenant" time="0.726" /><testcase classname="backend.tests.test_iteration_42.TestPdfDownload" name="test_pdf_returns_application_pdf" time="0.529"><error message="failed on setup with &quot;AssertionError: {&quot;detail&quot;:&quot;Orcamento so pode ser gerado a partir de um atendimento (ticket). Abra o chat do cliente e use o atalho 'Novo Orcamento'.&quot;}&#10;assert 400 == 200&#10; +  where 400 = &lt;Response [400]&gt;.status_code&quot;">backend/tests/test_iteration_42.py:75: in sample_quote
    assert r.status_code == 200, r.text
E   AssertionError: {"detail":"Orcamento so pode ser gerado a partir de um atendimento (ticket). Abra o chat do cliente e use o atalho 'Novo Orcamento'."}
E   assert 400 == 200
E    +  where 400 = &lt;Response [400]&gt;.status_code</error></testcase><testcase classname="backend.tests.test_iteration_42.TestPdfDownload" name="test_pdf_requires_auth" time="0.000"><error message="failed on setup with &quot;AssertionError: {&quot;detail&quot;:&quot;Orcamento so pode ser gerado a partir de um atendimento (ticket). Abra o chat do cliente e use o atalho 'Novo Orcamento'.&quot;}&#10;assert 400 == 200&#10; +  where 400 = &lt;Response [400]&gt;.status_code&quot;">backend/tests/test_iteration_42.py:75: in sample_quote
    assert r.status_code == 200, r.text
E   AssertionError: {"detail":"Orcamento so pode ser gerado a partir de um atendimento (ticket). Abra o chat do cliente e use o atalho 'Novo Orcamento'."}
E   assert 400 == 200
E    +  where 400 = &lt;Response [400]&gt;.status_code</error></testcase><testcase classname="backend.tests.test_iteration_42.TestPdfDownload" name="test_pdf_404" time="0.155" /><testcase classname="backend.tests.test_iteration_42.TestSendWhatsapp" name="test_phone_required_when_no_client_no_ticket" time="0.171"><error message="failed on setup with &quot;AssertionError: {&quot;detail&quot;:&quot;Orcamento so pode ser gerado a partir de um atendimento (ticket). Abra o chat do cliente e use o atalho 'Novo Orcamento'.&quot;}&#10;assert 400 == 200&#10; +  where 400 = &lt;Response [400]&gt;.status_code&quot;">backend/tests/test_iteration_42.py:75: in sample_quote
    assert r.status_code == 200, r.text
E   AssertionError: {"detail":"Orcamento so pode ser gerado a partir de um atendimento (ticket). Abra o chat do cliente e use o atalho 'Novo Orcamento'."}
E   assert 400 == 200
E    +  where 400 = &lt;Response [400]&gt;.status_code</error></testcase><testcase classname="backend.tests.test_iteration_42.TestSendWhatsapp" name="test_invalid_connection_returns_404" time="0.000"><error message="failed on setup with &quot;AssertionError: {&quot;detail&quot;:&quot;Orcamento so pode ser gerado a partir de um atendimento (ticket). Abra o chat do cliente e use o atalho 'Novo Orcamento'.&quot;}&#10;assert 400 == 200&#10; +  where 400 = &lt;Response [400]&gt;.status_code&quot;">backend/tests/test_iteration_42.py:75: in sample_quote
    assert r.status_code == 200, r.text
E   AssertionError: {"detail":"Orcamento so pode ser gerado a partir de um atendimento (ticket). Abra o chat do cliente e use o atalho 'Novo Orcamento'."}
E   assert 400 == 200
E    +  where 400 = &lt;Response [400]&gt;.status_code</error></testcase><testcase classname="backend.tests.test_iteration_42.TestSendWhatsapp" name="test_microservice_failure_returns_502_not_500" time="0.000"><error message="failed on setup with &quot;AssertionError: {&quot;detail&quot;:&quot;Orcamento so pode ser gerado a partir de um atendimento (ticket). Abra o chat do cliente e use o atalho 'Novo Orcamento'.&quot;}&#10;assert 400 == 200&#10; +  where 400 = &lt;Response [400]&gt;.status_code&quot;">backend/tests/test_iteration_42.py:75: in sample_quote
    assert r.status_code == 200, r.text
E   AssertionError: {"detail":"Orcamento so pode ser gerado a partir de um atendimento (ticket). Abra o chat do cliente e use o atalho 'Novo Orcamento'."}
E   assert 400 == 200
E    +  where 400 = &lt;Response [400]&gt;.status_code</error></testcase><testcase classname="backend.tests.test_iteration_42.TestSendWhatsapp" name="test_ticket_logs_message_even_on_failure" time="0.000"><error message="failed on setup with &quot;AssertionError: {&quot;detail&quot;:&quot;Orcamento so pode ser gerado a partir de um atendimento (ticket). Abra o chat do cliente e use o atalho 'Novo Orcamento'.&quot;}&#10;assert 400 == 200&#10; +  where 400 = &lt;Response [400]&gt;.status_code&quot;">backend/tests/test_iteration_42.py:75: in sample_quote
    assert r.status_code == 200, r.text
E   AssertionError: {"detail":"Orcamento so pode ser gerado a partir de um atendimento (ticket). Abra o chat do cliente e use o atalho 'Novo Orcamento'."}
E   assert 400 == 200
E    +  where 400 = &lt;Response [400]&gt;.status_code</error></testcase><testcase classname="backend.tests.test_iteration_42.TestMultiTenantSend" name="test_cross_tenant_connection_returns_404" time="0.599"><error message="failed on setup with &quot;AssertionError: {&quot;detail&quot;:&quot;Orcamento so pode ser gerado a partir de um atendimento (ticket). Abra o chat do cliente e use o atalho 'Novo Orcamento'.&quot;}&#10;assert 400 == 200&#10; +  where 400 = &lt;Response [400]&gt;.status_code&quot;">backend/tests/test_iteration_42.py:75: in sample_quote
    assert r.status_code == 200, r.text
E   AssertionError: {"detail":"Orcamento so pode ser gerado a partir de um atendimento (ticket). Abra o chat do cliente e use o atalho 'Novo Orcamento'."}
E   assert 400 == 200
E    +  where 400 = &lt;Response [400]&gt;.status_code</error></testcase><testcase classname="backend.tests.test_iteration_42.TestMicroserviceEndpoint" name="test_send_media_endpoint_exists_and_validates" time="0.016" /><testcase classname="backend.tests.test_iteration_43.TestUploadDocxSuccess" name="test_upload_real_incinera_docx" time="0.378"><skipped type="pytest.skip" message="real docx not available">/app/backend/tests/test_iteration_43.py:54: real docx not available</skipped></testcase><testcase classname="backend.tests.test_iteration_43.TestUploadDocxSuccess" name="test_unmapped_tokens_preserved_as_double_brace" time="0.000"><skipped type="pytest.skip" message="real docx not available">/app/backend/tests/test_iteration_43.py:79: real docx not available</skipped></testcase><testcase classname="backend.tests.test_iteration_43.TestUploadDocxSuccess" name="test_default_flag_exclusive" time="0.000"><skipped type="pytest.skip" message="real docx not available">/app/backend/tests/test_iteration_43.py:94: real docx not available</skipped></testcase><testcase classname="backend.tests.test_iteration_43.TestUploadDocxRejections" name="test_rejects_non_docx_extension" time="0.140" /><testcase classname="backend.tests.test_iteration_43.TestUploadDocxRejections" name="test_rejects_oversize_file" time="1.273" /><testcase classname="backend.tests.test_iteration_43.TestUploadDocxRejections" name="test_rejects_corrupt_docx" time="0.205" /><testcase classname="backend.tests.test_iteration_43.TestUploadDocxMultiTenant" name="test_boss_cannot_read_or_edit_crm_template" time="0.372"><skipped type="pytest.skip" message="real docx not available">/app/backend/tests/test_iteration_43.py:156: real docx not available</skipped></testcase></testsuite></testsuites>