<?xml version="1.0" encoding="utf-8"?><testsuites name="pytest tests"><testsuite name="pytest" errors="0" failures="0" skipped="0" tests="29" time="10.307" timestamp="2026-04-30T04:12:18.305603+00:00" hostname="agent-env-394393c8-93cc-434a-a428-9a3c0b31a3fb"><testcase classname="backend.tests.test_iteration_40.TestTemplates" name="test_auto_seed_default" time="0.603" /><testcase classname="backend.tests.test_iteration_40.TestTemplates" name="test_create_and_exclusive_default" time="0.557" /><testcase classname="backend.tests.test_iteration_40.TestTemplates" name="test_get_template_404" time="0.149" /><testcase classname="backend.tests.test_iteration_40.TestServices" name="test_create" time="0.147" /><testcase classname="backend.tests.test_iteration_40.TestServices" name="test_list_contains" time="0.153" /><testcase classname="backend.tests.test_iteration_40.TestServices" name="test_update_and_persist" time="0.143" /><testcase classname="backend.tests.test_iteration_40.TestServices" name="test_delete" time="0.275" /><testcase classname="backend.tests.test_iteration_40.TestFreights" name="test_create" time="0.148" /><testcase classname="backend.tests.test_iteration_40.TestFreights" name="test_update_and_delete" time="0.274" /><testcase classname="backend.tests.test_iteration_40.TestQuotes" name="test_setup_catalog" time="0.260" /><testcase classname="backend.tests.test_iteration_40.TestQuotes" name="test_create_quote_computes_totals" time="0.134" /><testcase classname="backend.tests.test_iteration_40.TestQuotes" name="test_get_quote" time="0.315" /><testcase classname="backend.tests.test_iteration_40.TestQuotes" name="test_get_404" time="0.145" /><testcase classname="backend.tests.test_iteration_40.TestQuotes" name="test_list_with_filter" time="0.153" /><testcase classname="backend.tests.test_iteration_40.TestQuotes" name="test_update_recalcs" time="0.133" /><testcase classname="backend.tests.test_iteration_40.TestQuotes" name="test_render_html" time="0.268" /><testcase classname="backend.tests.test_iteration_40.TestQuotes" name="test_sequential_quote_number" time="0.274" /><testcase classname="backend.tests.test_iteration_40.TestQuotes" name="test_delete_quote" time="0.406" /><testcase classname="backend.tests.test_iteration_40.TestMultiTenant" name="test_crm_service_not_visible_to_boss" time="1.036" /><testcase classname="backend.tests.test_iteration_40.TestMultiTenant" name="test_quote_not_visible_to_other_tenant" time="0.554" /><testcase classname="backend.tests.test_iteration_42.TestPdfDownload" name="test_pdf_returns_application_pdf" time="0.817" /><testcase classname="backend.tests.test_iteration_42.TestPdfDownload" name="test_pdf_requires_auth" time="0.144" /><testcase classname="backend.tests.test_iteration_42.TestPdfDownload" name="test_pdf_404" time="0.162" /><testcase classname="backend.tests.test_iteration_42.TestSendWhatsapp" name="test_phone_required_when_no_client_no_ticket" time="0.296" /><testcase classname="backend.tests.test_iteration_42.TestSendWhatsapp" name="test_invalid_connection_returns_404" time="0.182" /><testcase classname="backend.tests.test_iteration_42.TestSendWhatsapp" name="test_microservice_failure_returns_502_not_500" time="0.457" /><testcase classname="backend.tests.test_iteration_42.TestSendWhatsapp" name="test_ticket_logs_message_even_on_failure" time="1.228" /><testcase classname="backend.tests.test_iteration_42.TestMultiTenantSend" name="test_cross_tenant_connection_returns_404" time="0.634" /><testcase classname="backend.tests.test_iteration_42.TestMicroserviceEndpoint" name="test_send_media_endpoint_exists_and_validates" time="0.178" /></testsuite></testsuites>