<?xml version="1.0" encoding="utf-8"?><testsuites name="pytest tests"><testsuite name="pytest" errors="0" failures="0" skipped="0" tests="12" time="7.829" timestamp="2026-04-21T13:52:30.958423+00:00" hostname="agent-env-394393c8-93cc-434a-a428-9a3c0b31a3fb"><testcase classname="backend.tests.test_iteration_21" name="test_login_returns_permissions_array_for_admin" time="0.660" /><testcase classname="backend.tests.test_iteration_21" name="test_me_returns_permissions_for_admin" time="0.107" /><testcase classname="backend.tests.test_iteration_21" name="test_all_features_has_31_with_permission_category" time="0.121" /><testcase classname="backend.tests.test_iteration_21" name="test_smart_availability_blocks_only_suspended_hours" time="0.587" /><testcase classname="backend.tests.test_iteration_21" name="test_public_availability_respects_partial_suspension" time="0.341" /><testcase classname="backend.tests.test_iteration_21" name="test_put_appointment_change_time_and_service" time="0.328" /><testcase classname="backend.tests.test_iteration_21" name="test_put_appointment_with_extra_items_recomputes_total" time="0.357" /><testcase classname="backend.tests.test_iteration_21" name="test_put_appointment_price_override" time="0.364" /><testcase classname="backend.tests.test_iteration_21" name="test_conclude_with_final_price" time="0.522" /><testcase classname="backend.tests.test_iteration_21" name="test_login_returns_permissions_for_scoped_user" time="1.178" /><testcase classname="backend.tests.test_iteration_21" name="test_non_admin_without_edit_perm_gets_403_on_put" time="1.340" /><testcase classname="backend.tests.test_iteration_21" name="test_edit_perm_allows_time_blocks_price" time="1.850" /></testsuite></testsuites>