<?xml version="1.0" encoding="utf-8"?><testsuites name="pytest tests"><testsuite name="pytest" errors="0" failures="0" skipped="0" tests="19" time="11.246" timestamp="2026-04-27T16:48:51.820096+00:00" hostname="agent-env-394393c8-93cc-434a-a428-9a3c0b31a3fb"><testcase classname="backend.tests.test_iteration_27.TestQueuesCrud" name="test_queue_full_crud" time="1.007" /><testcase classname="backend.tests.test_iteration_27.TestContactLists" name="test_contact_list_full_crud" time="0.480" /><testcase classname="backend.tests.test_iteration_27.TestCampaigns" name="test_create_campaign_with_new_fields" time="0.335" /><testcase classname="backend.tests.test_iteration_27.TestCampaigns" name="test_list_campaigns_enriched" time="0.577" /><testcase classname="backend.tests.test_iteration_27.TestCampaigns" name="test_update_delete_campaign" time="0.500" /><testcase classname="backend.tests.test_iteration_27.TestCampaigns" name="test_preview_audience_all" time="0.841" /><testcase classname="backend.tests.test_iteration_27.TestCampaigns" name="test_preview_audience_no_tag" time="0.603" /><testcase classname="backend.tests.test_iteration_27.TestCampaigns" name="test_preview_audience_tags" time="0.836" /><testcase classname="backend.tests.test_iteration_27.TestCampaigns" name="test_preview_audience_list" time="0.569" /><testcase classname="backend.tests.test_iteration_27.TestCampaigns" name="test_run_empty_audience_returns_400" time="0.348" /><testcase classname="backend.tests.test_iteration_27.TestCampaigns" name="test_run_no_messages_returns_400" time="0.828" /><testcase classname="backend.tests.test_iteration_27.TestRetryMessage" name="test_retry_ticket_not_found" time="0.114" /><testcase classname="backend.tests.test_iteration_27.TestRetryMessage" name="test_retry_user_message_returns_400" time="0.476" /><testcase classname="backend.tests.test_iteration_27.TestRetryMessage" name="test_retry_agent_message_no_connection_400" time="0.955" /><testcase classname="backend.tests.test_iteration_27.TestWaContactsImport" name="test_wa_contacts_graceful" time="0.340" /><testcase classname="backend.tests.test_iteration_27.TestWaContactsImport" name="test_import_contacts_modes" time="1.000" /><testcase classname="backend.tests.test_iteration_27.TestWebhookConnectedAndFilter" name="test_webhook_connected_sets_connected_at" time="0.231" /><testcase classname="backend.tests.test_iteration_27.TestWebhookConnectedAndFilter" name="test_webhook_message_older_than_connected_at_ignored" time="0.385" /><testcase classname="backend.tests.test_iteration_27.TestTicketUpdateQueueConnection" name="test_put_ticket_queue_and_connection" time="0.720" /></testsuite></testsuites>