<?xml version="1.0" encoding="utf-8"?><testsuites name="pytest tests"><testsuite name="pytest" errors="0" failures="0" skipped="0" tests="8" time="2.940" timestamp="2026-04-30T01:28:55.023122+00:00" hostname="agent-env-394393c8-93cc-434a-a428-9a3c0b31a3fb"><testcase classname="backend.tests.test_iteration_39.TestTimelineEndpoint" name="test_timeline_structure" time="1.019" /><testcase classname="backend.tests.test_iteration_39.TestTimelineEndpoint" name="test_timeline_stats" time="0.095" /><testcase classname="backend.tests.test_iteration_39.TestTimelineEndpoint" name="test_tickets_sorted_desc_and_fields" time="0.140" /><testcase classname="backend.tests.test_iteration_39.TestTimelineEndpoint" name="test_limit_parameter" time="0.091" /><testcase classname="backend.tests.test_iteration_39.TestTimelineEndpoint" name="test_404_unknown_client" time="0.105" /><testcase classname="backend.tests.test_iteration_39.TestTimelineEndpoint" name="test_404_other_tenant_client" time="0.649" /><testcase classname="backend.tests.test_iteration_39.TestIter38Regression" name="test_create_ticket_links_client" time="0.195" /><testcase classname="backend.tests.test_iteration_39.TestIter38Regression" name="test_get_ticket_client_round_trip" time="0.566" /></testsuite></testsuites>