<?xml version="1.0" encoding="utf-8"?><testsuites name="pytest tests"><testsuite name="pytest" errors="0" failures="0" skipped="0" tests="10" time="4.424" timestamp="2026-04-21T14:24:37.982943+00:00" hostname="agent-env-394393c8-93cc-434a-a428-9a3c0b31a3fb"><testcase classname="backend.tests.test_iteration_22" name="test_login_admin_permissions_star" time="0.481" /><testcase classname="backend.tests.test_iteration_22" name="test_regression_core_endpoints" time="0.833" /><testcase classname="backend.tests.test_iteration_22" name="test_create_client_persists_birth_date" time="0.385" /><testcase classname="backend.tests.test_iteration_22" name="test_update_client_birth_date" time="1.406" /><testcase classname="backend.tests.test_iteration_22" name="test_create_client_without_birth_date_ok" time="0.250" /><testcase classname="backend.tests.test_iteration_22" name="test_create_client_invalid_birth_date_format_accepted_as_string" time="0.254" /><testcase classname="backend.tests.test_iteration_22" name="test_qr_endpoint_works_on_existing_connection" time="0.262" /><testcase classname="backend.tests.test_iteration_22" name="test_qr_self_heal_triggers_connect_when_needed" time="0.273" /><testcase classname="backend.tests.test_iteration_22" name="test_qr_endpoint_returns_404_for_unknown_connection" time="0.101" /><testcase classname="backend.tests.test_iteration_22" name="test_all_features_still_31" time="0.100" /></testsuite></testsuites>