<?xml version="1.0" encoding="utf-8"?><testsuites name="pytest tests"><testsuite name="pytest" errors="0" failures="0" skipped="0" tests="24" time="19.089" timestamp="2026-09-03T00:25:41.985005+00:00" hostname="agent-env-394393c8-93cc-434a-a428-9a3c0b31a3fb"><testcase classname="tests.test_iteration_66.TestBotPauseEndpoint" name="test_pause_then_resume" time="1.151" /><testcase classname="tests.test_iteration_66.TestBotPauseEndpoint" name="test_unknown_ticket_404" time="0.072" /><testcase classname="tests.test_iteration_66.TestBotPauseEndpoint" name="test_requires_auth" time="0.121" /><testcase classname="tests.test_iteration_66.TestTransientRetry" name="test_transient_then_success_retries_once" time="5.154" /><testcase classname="tests.test_iteration_66.TestTransientRetry" name="test_transient_all_three_attempts_fail" time="3.012" /><testcase classname="tests.test_iteration_66.TestTransientRetry" name="test_non_transient_does_not_retry" time="0.007" /><testcase classname="tests.test_iteration_66.TestTransientRetry" name="test_healthy_first_attempt" time="0.007" /><testcase classname="tests.test_iteration_66.TestTransientRetry" name="test_httpx_timeout_exception_retries" time="1.510" /><testcase classname="tests.test_iteration_67.TestWebhookPerConnectionTickets" name="test_same_phone_two_connections_two_tickets" time="0.899" /><testcase classname="tests.test_iteration_67.TestWebhookPerConnectionTickets" name="test_second_inbound_same_connection_reuses_ticket" time="0.640" /><testcase classname="tests.test_iteration_67.TestWebhookPerConnectionTickets" name="test_from_me_creates_paused_ticket_on_own_connection" time="0.499" /><testcase classname="tests.test_iteration_67.TestLidFallback" name="test_manual_ticket_without_connection_still_matched_by_lid" time="0.276" /><testcase classname="tests.test_iteration_67.TestLidFallback" name="test_lid_does_not_cross_connections" time="0.331" /><testcase classname="tests.test_iteration_67.TestGroupTickets" name="test_group_ticket_keyed_by_group_jid" time="0.446" /><testcase classname="tests.test_iteration_67.TestCrmCreateTicketDuplicateGuard" name="test_duplicate_guard_is_connection_scoped" time="0.503" /><testcase classname="tests.test_iteration_67.TestCrmCreateTicketDuplicateGuard" name="test_unknown_connection_404" time="0.068" /><testcase classname="tests.test_iteration_67.TestCrmCreateTicketDuplicateGuard" name="test_requires_auth" time="0.153" /><testcase classname="tests.test_iteration_69.TestSequentialIdempotence" name="test_three_identical_webhooks_one_ticket_one_flow" time="1.326" /><testcase classname="tests.test_iteration_69.TestConcurrentIdempotence" name="test_five_parallel_webhooks_same_msg_id" time="0.397" /><testcase classname="tests.test_iteration_69.TestDedupCollectionShape" name="test_ttl_index_and_expires_at" time="0.331" /><testcase classname="tests.test_iteration_69.TestMessageLogNoUniqueConstraint" name="test_no_unique_index_on_message_log" time="0.003" /><testcase classname="tests.test_iteration_69.TestMessageLogNoUniqueConstraint" name="test_duplicate_message_log_rows_are_allowed" time="0.006" /><testcase classname="tests.test_iteration_69.TestDistinctMessageIds" name="test_different_msg_ids_append_to_same_ticket" time="0.718" /><testcase classname="tests.test_iteration_69.TestMissingMessageId" name="test_webhook_without_message_id_still_works_twice" time="0.510" /></testsuite></testsuites>