<?xml version="1.0" encoding="utf-8"?><testsuites name="pytest tests"><testsuite name="pytest" errors="0" failures="0" skipped="0" tests="16" time="8.136" timestamp="2026-04-27T18:13:18.500395+00:00" hostname="agent-env-394393c8-93cc-434a-a428-9a3c0b31a3fb"><testcase classname="backend.tests.test_iteration_28.TestCampaignAntiBlock" name="test_create_campaign_default_anti_block" time="0.813" /><testcase classname="backend.tests.test_iteration_28.TestCampaignAntiBlock" name="test_create_campaign_with_custom_anti_block" time="0.243" /><testcase classname="backend.tests.test_iteration_28.TestCampaignAntiBlock" name="test_update_campaign_anti_block" time="0.930" /><testcase classname="backend.tests.test_iteration_28.TestPresenceWebhooks" name="test_presence_webhook_persists_and_listed" time="0.414" /><testcase classname="backend.tests.test_iteration_28.TestPresenceWebhooks" name="test_presence_webhook_missing_instance" time="0.418" /><testcase classname="backend.tests.test_iteration_28.TestMessageStatusWebhook" name="test_message_status_unknown_message_id_no_500" time="0.115" /><testcase classname="backend.tests.test_iteration_28.TestMessageStatusWebhook" name="test_message_status_updates_existing_ticket_message" time="0.366" /><testcase classname="backend.tests.test_iteration_28.TestMessageStatusWebhook" name="test_message_status_invalid_payload_no_500" time="0.292" /><testcase classname="backend.tests.test_iteration_28.TestRunCampaign" name="test_run_small_campaign_sync" time="1.018" /><testcase classname="backend.tests.test_iteration_28.TestRunCampaign" name="test_run_long_campaign_async_queued" time="1.222" /><testcase classname="backend.tests.test_iteration_28.TestRegression27" name="test_queues_crud" time="0.508" /><testcase classname="backend.tests.test_iteration_28.TestRegression27" name="test_contact_lists_crud" time="0.360" /><testcase classname="backend.tests.test_iteration_28.TestRegression27" name="test_kanban_v2_has_totals" time="0.119" /><testcase classname="backend.tests.test_iteration_28.TestRegression27" name="test_ticket_tags_add_remove" time="0.488" /><testcase classname="backend.tests.test_iteration_28.TestRegression27" name="test_webhook_connected_and_contact_presence_60s" time="0.123" /><testcase classname="backend.tests.test_iteration_28.TestRegression27" name="test_run_campaign_no_messages_400" time="0.610" /></testsuite></testsuites>