<?xml version="1.0" encoding="utf-8"?><testsuites name="pytest tests"><testsuite name="pytest" errors="0" failures="0" skipped="0" tests="15" time="7.071" timestamp="2026-04-25T19:16:32.178800+00:00" hostname="agent-env-394393c8-93cc-434a-a428-9a3c0b31a3fb"><testcase classname="backend.tests.test_iteration_25.TestAITemplates" name="test_list_templates_returns_11_items_with_required_keys" time="0.704" /><testcase classname="backend.tests.test_iteration_25.TestAIProviders" name="test_list_returns_default_emergent_when_empty" time="0.259" /><testcase classname="backend.tests.test_iteration_25.TestAIProviders" name="test_provider_full_crud" time="0.503" /><testcase classname="backend.tests.test_iteration_25.TestAIProviders" name="test_provider_invalid_type" time="0.108" /><testcase classname="backend.tests.test_iteration_25.TestAIAgents" name="test_agent_full_crud_with_nested_fields" time="0.742" /><testcase classname="backend.tests.test_iteration_25.TestAIAgents" name="test_agent_test_endpoint_exists" time="1.270" /><testcase classname="backend.tests.test_iteration_25.TestCRMTags" name="test_tag_full_crud" time="0.640" /><testcase classname="backend.tests.test_iteration_25.TestKanbanColumns" name="test_native_column_always_present" time="0.111" /><testcase classname="backend.tests.test_iteration_25.TestKanbanColumns" name="test_create_update_delete_custom_column" time="0.327" /><testcase classname="backend.tests.test_iteration_25.TestKanbanColumns" name="test_native_column_cannot_be_updated_or_deleted" time="0.309" /><testcase classname="backend.tests.test_iteration_25.TestKanbanV2" name="test_kanban_v2_returns_native_even_when_no_tickets" time="0.111" /><testcase classname="backend.tests.test_iteration_25.TestKanbanV2" name="test_move_ticket_between_columns" time="0.949" /><testcase classname="backend.tests.test_iteration_25.TestFlowDelete" name="test_create_then_delete_flow" time="0.344" /><testcase classname="backend.tests.test_iteration_25.TestOnboardingBaseType" name="test_onboarding_status_includes_base_type_for_crm" time="0.104" /><testcase classname="backend.tests.test_iteration_25.TestOnboardingBaseType" name="test_onboarding_status_for_boss" time="0.458" /></testsuite></testsuites>