<?xml version="1.0" encoding="utf-8"?><testsuites name="pytest tests"><testsuite name="pytest" errors="0" failures="0" skipped="0" tests="10" time="7.813" timestamp="2026-05-12T01:47:39.561429+00:00" hostname="agent-env-394393c8-93cc-434a-a428-9a3c0b31a3fb"><testcase classname="backend.tests.test_iteration_52.TestTicketsTabFilters" name="test_atendendo_list_matches_count" time="0.726" /><testcase classname="backend.tests.test_iteration_52.TestTicketsTabFilters" name="test_aguardando_list_matches_count_and_not_empty_when_badge_positive" time="0.296" /><testcase classname="backend.tests.test_iteration_52.TestQueueRBAC" name="test_connection_queue_ids_persist_create_and_clear_on_update" time="0.895" /><testcase classname="backend.tests.test_iteration_52.TestQueueRBAC" name="test_company_user_allowed_queue_ids_create_and_update" time="1.142" /><testcase classname="backend.tests.test_iteration_52.TestFlowExport" name="test_export_flow_returns_portable_json" time="0.507" /><testcase classname="backend.tests.test_iteration_52.TestFlowExport" name="test_export_flow_404_for_missing" time="0.122" /><testcase classname="backend.tests.test_iteration_52.TestWebhookQueueAutoAssign" name="test_inbound_webhook_assigns_queue_when_single_queue" time="0.939" /><testcase classname="backend.tests.test_iteration_52.TestQuotePdfLayout" name="test_template_post_with_pdf_layout_converts_to_png" time="1.015" /><testcase classname="backend.tests.test_iteration_52.TestQuotePdfLayout" name="test_pdf_fallback_uses_default_template_layout" time="1.714" /><testcase classname="backend.tests.test_iteration_52.TestKanbanColumnOrder" name="test_create_and_update_order_field" time="0.360" /></testsuite></testsuites>