<?xml version="1.0" encoding="utf-8"?><testsuites name="pytest tests"><testsuite name="pytest" errors="0" failures="0" skipped="0" tests="4" time="3.361" timestamp="2026-05-21T22:42:52.784248+00:00" hostname="agent-env-394393c8-93cc-434a-a428-9a3c0b31a3fb"><testcase classname="backend.tests.test_iteration_57" name="test_01_negative_offsets_accepted" time="0.923" /><testcase classname="backend.tests.test_iteration_57" name="test_02_smart_fallback_picks_closest_offset" time="0.889" /><testcase classname="backend.tests.test_iteration_57" name="test_03_negative_offset_fires_after_due" time="0.715" /><testcase classname="backend.tests.test_iteration_57" name="test_04_diagnostic_error_in_history" time="0.767" /></testsuite></testsuites>