<?xml version="1.0" encoding="utf-8"?><testsuites name="pytest tests"><testsuite name="pytest" errors="0" failures="0" skipped="0" tests="7" time="5.430" timestamp="2026-04-30T04:12:02.675602+00:00" hostname="agent-env-394393c8-93cc-434a-a428-9a3c0b31a3fb"><testcase classname="backend.tests.test_iteration_43.TestUploadDocxSuccess" name="test_upload_real_incinera_docx" time="1.007" /><testcase classname="backend.tests.test_iteration_43.TestUploadDocxSuccess" name="test_unmapped_tokens_preserved_as_double_brace" time="0.592" /><testcase classname="backend.tests.test_iteration_43.TestUploadDocxSuccess" name="test_default_flag_exclusive" time="1.342" /><testcase classname="backend.tests.test_iteration_43.TestUploadDocxRejections" name="test_rejects_non_docx_extension" time="0.152" /><testcase classname="backend.tests.test_iteration_43.TestUploadDocxRejections" name="test_rejects_oversize_file" time="0.708" /><testcase classname="backend.tests.test_iteration_43.TestUploadDocxRejections" name="test_rejects_corrupt_docx" time="0.145" /><testcase classname="backend.tests.test_iteration_43.TestUploadDocxMultiTenant" name="test_boss_cannot_read_or_edit_crm_template" time="1.422" /></testsuite></testsuites>