<?xml version="1.0" encoding="utf-8"?><testsuites name="pytest tests"><testsuite name="pytest" errors="0" failures="0" skipped="1" tests="19" time="3.174" timestamp="2026-05-09T18:18:50.331346+00:00" hostname="agent-env-394393c8-93cc-434a-a428-9a3c0b31a3fb"><testcase classname="tests.test_iteration_50_finance.TestFinancialSummary" name="test_summary_default_month" time="0.604" /><testcase classname="tests.test_iteration_50_finance.TestFinancialSummary" name="test_summary_with_month_filter" time="0.122" /><testcase classname="tests.test_iteration_50_finance.TestFinancialSummary" name="test_summary_invalid_month" time="0.118" /><testcase classname="tests.test_iteration_50_finance.TestFinancialSummary" name="test_summary_unauthorized" time="0.117" /><testcase classname="tests.test_iteration_50_finance.TestExpensesCRUD" name="test_list_empty_or_initial" time="0.109" /><testcase classname="tests.test_iteration_50_finance.TestExpensesCRUD" name="test_create_expense" time="0.105" /><testcase classname="tests.test_iteration_50_finance.TestExpensesCRUD" name="test_list_includes_created" time="0.125" /><testcase classname="tests.test_iteration_50_finance.TestExpensesCRUD" name="test_update_expense" time="0.121" /><testcase classname="tests.test_iteration_50_finance.TestExpensesCRUD" name="test_summary_reflects_expense" time="0.198" /><testcase classname="tests.test_iteration_50_finance.TestExpensesCRUD" name="test_update_404" time="0.108" /><testcase classname="tests.test_iteration_50_finance.TestExpensesCRUD" name="test_delete_expense" time="0.143" /><testcase classname="tests.test_iteration_50_finance.TestExpensesCRUD" name="test_delete_404" time="0.118" /><testcase classname="tests.test_iteration_50_finance.TestCommissionsList" name="test_list_no_filter" time="0.111" /><testcase classname="tests.test_iteration_50_finance.TestCommissionsList" name="test_list_status_paid" time="0.113" /><testcase classname="tests.test_iteration_50_finance.TestCommissionsList" name="test_list_status_pending" time="0.106" /><testcase classname="tests.test_iteration_50_finance.TestCommissionsList" name="test_list_with_month" time="0.159" /><testcase classname="tests.test_iteration_50_finance.TestOperationalImpersonate" name="test_impersonate_response_or_400" time="0.299" /><testcase classname="tests.test_iteration_50_finance.TestOperationalImpersonate" name="test_impersonate_unauthorized" time="0.102" /><testcase classname="tests.test_iteration_50_finance.TestPhase1Regression" name="test_pay_invoice_credits_commission" time="0.214"><skipped type="pytest.skip" message="No partner has an associated company — cannot test commission flow">/app/backend/tests/test_iteration_50_finance.py:307: No partner has an associated company — cannot test commission flow</skipped></testcase></testsuite></testsuites>