<?xml version="1.0" encoding="utf-8"?><testsuites name="pytest tests"><testsuite name="pytest" errors="0" failures="0" skipped="0" tests="9" time="4.476" timestamp="2026-05-11T03:11:58.170217+00:00" hostname="agent-env-394393c8-93cc-434a-a428-9a3c0b31a3fb"><testcase classname="backend.tests.test_iteration_51.TestBusinessTypeDefaultScreen" name="test_get_returns_default_screen" time="1.026" /><testcase classname="backend.tests.test_iteration_51.TestBusinessTypeDefaultScreen" name="test_update_default_screen" time="0.160" /><testcase classname="backend.tests.test_iteration_51.TestBusinessTypeDefaultScreen" name="test_update_empty_default_screen_normalizes_to_none" time="0.297" /><testcase classname="backend.tests.test_iteration_51.TestBusinessTypeDefaultScreen" name="test_create_without_default_screen_works" time="0.441" /><testcase classname="backend.tests.test_iteration_51.TestAppointmentExtraItems" name="test_no_extras_keeps_original_behavior" time="0.954" /><testcase classname="backend.tests.test_iteration_51.TestAppointmentExtraItems" name="test_extras_sum_duration_price_and_concat_name" time="0.404" /><testcase classname="backend.tests.test_iteration_51.TestAppointmentExtraItems" name="test_extras_with_repeated_main_service_id_ignored" time="0.264" /><testcase classname="backend.tests.test_iteration_51.TestAppointmentExtraItems" name="test_extras_with_inexistent_service_id_ignored" time="0.236" /><testcase classname="backend.tests.test_iteration_51.TestAppointmentExtraItems" name="test_extras_mixed_valid_and_invalid" time="0.598" /></testsuite></testsuites>