<?xml version="1.0" encoding="utf-8"?><testsuites name="pytest tests"><testsuite name="pytest" errors="0" failures="0" skipped="0" tests="7" time="3.618" timestamp="2026-09-01T20:00:22.523973+00:00" hostname="agent-env-394393c8-93cc-434a-a428-9a3c0b31a3fb"><testcase classname="tests.test_iteration_69.TestSequentialIdempotence" name="test_three_identical_webhooks_one_ticket_one_flow" time="1.339" /><testcase classname="tests.test_iteration_69.TestConcurrentIdempotence" name="test_five_parallel_webhooks_same_msg_id" time="0.445" /><testcase classname="tests.test_iteration_69.TestDedupCollectionShape" name="test_ttl_index_and_expires_at" time="0.441" /><testcase classname="tests.test_iteration_69.TestMessageLogNoUniqueConstraint" name="test_no_unique_index_on_message_log" time="0.003" /><testcase classname="tests.test_iteration_69.TestMessageLogNoUniqueConstraint" name="test_duplicate_message_log_rows_are_allowed" time="0.006" /><testcase classname="tests.test_iteration_69.TestDistinctMessageIds" name="test_different_msg_ids_append_to_same_ticket" time="0.662" /><testcase classname="tests.test_iteration_69.TestMissingMessageId" name="test_webhook_without_message_id_still_works_twice" time="0.588" /></testsuite></testsuites>