<?xml version="1.0" encoding="utf-8"?><testsuites name="pytest tests"><testsuite name="pytest" errors="0" failures="0" skipped="0" tests="36" time="21.299" timestamp="2026-04-30T22:32:51.336158+00:00" hostname="agent-env-394393c8-93cc-434a-a428-9a3c0b31a3fb"><testcase classname="tests.test_iteration_40.TestTemplates" name="test_auto_seed_default" time="0.629" /><testcase classname="tests.test_iteration_40.TestTemplates" name="test_create_and_exclusive_default" time="0.710" /><testcase classname="tests.test_iteration_40.TestTemplates" name="test_get_template_404" time="0.136" /><testcase classname="tests.test_iteration_40.TestServices" name="test_create" time="0.135" /><testcase classname="tests.test_iteration_40.TestServices" name="test_list_contains" time="0.157" /><testcase classname="tests.test_iteration_40.TestServices" name="test_update_and_persist" time="0.157" /><testcase classname="tests.test_iteration_40.TestServices" name="test_delete" time="0.281" /><testcase classname="tests.test_iteration_40.TestFreights" name="test_create" time="0.144" /><testcase classname="tests.test_iteration_40.TestFreights" name="test_update_and_delete" time="0.325" /><testcase classname="tests.test_iteration_40.TestQuotes" name="test_setup_catalog" time="0.479" /><testcase classname="tests.test_iteration_40.TestQuotes" name="test_create_quote_computes_totals" time="0.146" /><testcase classname="tests.test_iteration_40.TestQuotes" name="test_create_without_ticket_rejected" time="0.138" /><testcase classname="tests.test_iteration_40.TestQuotes" name="test_get_quote" time="0.134" /><testcase classname="tests.test_iteration_40.TestQuotes" name="test_get_404" time="0.124" /><testcase classname="tests.test_iteration_40.TestQuotes" name="test_list_with_filter" time="0.142" /><testcase classname="tests.test_iteration_40.TestQuotes" name="test_update_recalcs" time="0.163" /><testcase classname="tests.test_iteration_40.TestQuotes" name="test_render_html" time="0.326" /><testcase classname="tests.test_iteration_40.TestQuotes" name="test_sequential_quote_number" time="0.360" /><testcase classname="tests.test_iteration_40.TestQuotes" name="test_delete_quote" time="0.577" /><testcase classname="tests.test_iteration_40.TestMultiTenant" name="test_crm_service_not_visible_to_boss" time="5.159" /><testcase classname="tests.test_iteration_40.TestMultiTenant" name="test_quote_not_visible_to_other_tenant" time="0.785" /><testcase classname="tests.test_iteration_44.TestQuotesRequireTicket" name="test_quote_without_ticket_id_400" time="0.513" /><testcase classname="tests.test_iteration_44.TestQuotesRequireTicket" name="test_quote_with_ticket_id_uses_ticket_number" time="1.050" /><testcase classname="tests.test_iteration_44.TestQuotesRequireTicket" name="test_quote_with_other_tenant_ticket_404" time="0.817" /><testcase classname="tests.test_iteration_44.TestMergeTickets" name="test_merge_messages_tags_quotes" time="1.447" /><testcase classname="tests.test_iteration_44.TestMergeTickets" name="test_merge_src_equals_dst_400" time="0.438" /><testcase classname="tests.test_iteration_44.TestMergeTickets" name="test_merge_cross_tenant_404" time="0.699" /><testcase classname="tests.test_iteration_44.TestWebhookLidFallback" name="test_lid_phone_merges_into_existing_ticket" time="0.744" /><testcase classname="tests.test_iteration_44.TestWebhookLidFallback" name="test_normal_brazilian_phone_creates_or_uses_phone_match" time="0.538" /><testcase classname="tests.test_iteration_44.TestWebhookLidFallback" name="test_lid_fallback_works_even_without_ticket_connection_id" time="0.812" /><testcase classname="tests.test_iteration_44.TestWebhookLidFallback" name="test_lid_fallback_via_last_outgoing" time="0.762" /><testcase classname="tests.test_iteration_45.TestQuotePDF" name="test_pdf_binary_returned" time="1.188" /><testcase classname="tests.test_iteration_45.TestUpload" name="test_upload_requires_auth" time="0.156" /><testcase classname="tests.test_iteration_45.TestUpload" name="test_upload_returns_url" time="0.322" /><testcase classname="tests.test_iteration_45.TestUpload" name="test_download_public_no_auth" time="0.295" /><testcase classname="tests.test_iteration_45.TestUpload" name="test_download_nonexistent_404" time="0.156" /></testsuite></testsuites>