<?xml version="1.0" encoding="utf-8"?><testsuites name="pytest tests"><testsuite name="pytest" errors="0" failures="1" skipped="0" tests="10" time="3.149" timestamp="2026-04-29T20:22:21.058608+00:00" hostname="agent-env-394393c8-93cc-434a-a428-9a3c0b31a3fb"><testcase classname="backend.tests.test_iteration_36.TestConnectionInlineRename" name="test_rename_connection_persists" time="1.013" /><testcase classname="backend.tests.test_iteration_36.TestConnectionInlineRename" name="test_rename_404_when_id_unknown" time="0.125" /><testcase classname="backend.tests.test_iteration_36.TestConnectionInlineRename" name="test_rename_400_when_empty_payload" time="0.357" /><testcase classname="backend.tests.test_iteration_36.TestConnectionInlineRename" name="test_connection_update_status_still_works" time="0.437" /><testcase classname="backend.tests.test_iteration_36.TestTicketKanbanColumnUpdate" name="test_set_kanban_column_id" time="0.235" /><testcase classname="backend.tests.test_iteration_36.TestTicketKanbanColumnUpdate" name="test_change_kanban_column_id" time="0.243" /><testcase classname="backend.tests.test_iteration_36.TestTicketKanbanColumnUpdate" name="test_clear_kanban_column_with_null" time="0.265"><failure message="AssertionError: clear via null did not work; got kanban_column_id='col_3202d1da'&#10;assert 'col_3202d1da' in (None, '')&#10; +  where 'col_3202d1da' = &lt;built-in method get of dict object at 0xfa230ccf09c0&gt;('kanban_column_id')&#10; +    where &lt;built-in method get of dict object at 0xfa230ccf09c0&gt; = {'channel': 'web', 'company_id': 'c477e72c-5633-4b2f-a252-8068d167ad5a', 'created_at': '2026-04-29T20:22:23.611457+00:00', 'customer_name': 'TEST_Kanban', ...}.get">backend/tests/test_iteration_36.py:228: in test_clear_kanban_column_with_null
    assert body.get("kanban_column_id") in (None, ""), \
E   AssertionError: clear via null did not work; got kanban_column_id='col_3202d1da'
E   assert 'col_3202d1da' in (None, '')
E    +  where 'col_3202d1da' = &lt;built-in method get of dict object at 0xfa230ccf09c0&gt;('kanban_column_id')
E    +    where &lt;built-in method get of dict object at 0xfa230ccf09c0&gt; = {'channel': 'web', 'company_id': 'c477e72c-5633-4b2f-a252-8068d167ad5a', 'created_at': '2026-04-29T20:22:23.611457+00:00', 'customer_name': 'TEST_Kanban', ...}.get</failure></testcase><testcase classname="backend.tests.test_iteration_36.TestTicketUpdateModel" name="test_model_includes_kanban_column_id" time="0.079" /><testcase classname="backend.tests.test_iteration_36.TestTicketsListExposesFields" name="test_list_includes_relevant_fields" time="0.107" /><testcase classname="backend.tests.test_iteration_36.TestRegressionIter35" name="test_reports_tickets_shape" time="0.119" /></testsuite></testsuites>