<?xml version="1.0" encoding="utf-8"?><testsuites name="pytest tests"><testsuite name="pytest" errors="0" failures="0" skipped="0" tests="10" time="5.239" timestamp="2026-05-02T03:50:15.818783+00:00" hostname="agent-env-394393c8-93cc-434a-a428-9a3c0b31a3fb"><testcase classname="tests.test_iteration_48.TestF1TemplateHeaderFooter" name="test_create_template_persists_header_footer" time="0.753" /><testcase classname="tests.test_iteration_48.TestF1TemplateHeaderFooter" name="test_pdf_contains_header_footer_text" time="0.534" /><testcase classname="tests.test_iteration_48.TestF2PreviewPdfHtml" name="test_preview_pdf_html_returns_html_with_chrome_and_items" time="0.156" /><testcase classname="tests.test_iteration_48.TestF3ConnectionFlowId" name="test_connection_create_with_default_flow_id_preserved" time="0.248" /><testcase classname="tests.test_iteration_48.TestF3ConnectionFlowId" name="test_webhook_triggers_flow_welcome_message" time="0.573" /><testcase classname="tests.test_iteration_48.TestF3ConnectionFlowId" name="test_rename_flow" time="0.147" /><testcase classname="tests.test_iteration_48.TestF4KanbanReorder" name="test_reorder_persists_and_returns_in_kanban_v2" time="0.201" /><testcase classname="tests.test_iteration_48.TestF4KanbanReorder" name="test_reorder_empty_returns_400" time="0.045" /><testcase classname="tests.test_iteration_48.TestF5Visibility" name="test_non_admin_sees_unassigned_pool_then_loses_after_other_claims" time="2.140" /><testcase classname="tests.test_iteration_48.TestF5Visibility" name="test_kanban_v2_respects_visibility" time="0.345" /></testsuite></testsuites>