<?xml version="1.0" encoding="utf-8"?><testsuites name="pytest tests"><testsuite name="pytest" errors="0" failures="0" skipped="0" tests="16" time="6.084" timestamp="2026-05-07T16:03:49.010285+00:00" hostname="agent-env-394393c8-93cc-434a-a428-9a3c0b31a3fb"><testcase classname="tests.test_iteration_50.TestFlattenSgpResponse" name="test_consultacliente_extracts_top_level_vars" time="0.072" /><testcase classname="tests.test_iteration_50.TestFlattenSgpResponse" name="test_consultacliente_handles_missing_fields" time="0.001" /><testcase classname="tests.test_iteration_50.TestFlattenSgpResponse" name="test_fatura2via_extracts_boleto_url_and_linha" time="0.001" /><testcase classname="tests.test_iteration_50.TestFlattenSgpResponse" name="test_fatura2via_fallback_to_top_level" time="0.001" /><testcase classname="tests.test_iteration_50.TestFlattenSgpResponse" name="test_verificaacesso_online_status" time="0.000" /><testcase classname="tests.test_iteration_50.TestFlattenSgpResponse" name="test_manutencao_with_active_and_empty" time="0.001" /><testcase classname="tests.test_iteration_50.TestFlattenSgpResponse" name="test_invalid_input_returns_empty_dict" time="0.000" /><testcase classname="tests.test_iteration_50.TestFlowDebugEndpoints" name="test_get_flow_state_returns_active_flow_after_webhook" time="1.357" /><testcase classname="tests.test_iteration_50.TestFlowDebugEndpoints" name="test_get_flow_state_404_for_unknown_ticket" time="0.076" /><testcase classname="tests.test_iteration_50.TestFlowDebugEndpoints" name="test_test_flow_dry_run_for_menu_reply" time="0.067" /><testcase classname="tests.test_iteration_50.TestFlowDebugEndpoints" name="test_test_flow_initial_returns_welcome_and_menu" time="0.063" /><testcase classname="tests.test_iteration_50.TestFlowDebugEndpoints" name="test_reset_flow_clears_state" time="0.140" /><testcase classname="tests.test_iteration_50.TestFlowDebugEndpoints" name="test_reset_flow_404" time="0.082" /><testcase classname="tests.test_iteration_50.TestAppointmentBlock" name="test_create_block_without_service_id" time="3.763" /><testcase classname="tests.test_iteration_50.TestAppointmentBlock" name="test_block_appears_in_list_appointments" time="0.281" /><testcase classname="tests.test_iteration_50.TestAppointmentBlock" name="test_normal_appointment_still_requires_service_id" time="0.076" /></testsuite></testsuites>