<?xml version="1.0" encoding="utf-8"?><testsuites name="pytest tests"><testsuite name="pytest" errors="0" failures="0" skipped="0" tests="10" time="4.014" timestamp="2026-06-23T18:17:12.320935+00:00" hostname="agent-env-394393c8-93cc-434a-a428-9a3c0b31a3fb"><testcase classname="backend.tests.test_iteration_59.TestCountsParityWithListing" name="test_counts_match_list_no_filters" time="1.203" /><testcase classname="backend.tests.test_iteration_59.TestCountsParityWithListing" name="test_counts_match_list_with_channel_filter" time="0.497" /><testcase classname="backend.tests.test_iteration_59.TestCountsParityWithListing" name="test_counts_match_list_with_search_filter" time="0.482" /><testcase classname="backend.tests.test_iteration_59.TestEmptyFiltersReturnZero" name="test_nonexistent_connection_id_returns_zero" time="0.574" /><testcase classname="backend.tests.test_iteration_59.TestEmptyFiltersReturnZero" name="test_nonexistent_queue_id_returns_zero" time="0.116" /><testcase classname="backend.tests.test_iteration_59.TestEmptyFiltersReturnZero" name="test_nonexistent_assigned_to_returns_zero" time="0.122" /><testcase classname="backend.tests.test_iteration_59.TestEmptyFiltersReturnZero" name="test_nonexistent_tag_returns_zero" time="0.125" /><testcase classname="backend.tests.test_iteration_59.TestRestoreAutoClosedTickets" name="test_restore_endpoint_returns_expected_shape" time="0.579" /><testcase classname="backend.tests.test_iteration_59.TestRestoreAutoClosedTickets" name="test_restore_endpoint_validates_required_body" time="0.116" /><testcase classname="backend.tests.test_iteration_59.TestRestoreAutoClosedTickets" name="test_restore_endpoint_requires_super_admin" time="0.114" /></testsuite></testsuites>