<?xml version="1.0" encoding="utf-8"?><testsuites name="pytest tests"><testsuite name="pytest" errors="0" failures="0" skipped="0" tests="23" time="62.217" timestamp="2026-04-28T01:55:51.913649+00:00" hostname="agent-env-394393c8-93cc-434a-a428-9a3c0b31a3fb"><testcase classname="backend.tests.test_iteration_29" name="test_create_ticket_returns_sequential_ticket_number" time="0.937" /><testcase classname="backend.tests.test_iteration_29" name="test_list_tickets_all_have_ticket_number" time="0.134" /><testcase classname="backend.tests.test_iteration_29" name="test_webhook_creates_ticket_with_sequential_number" time="0.604" /><testcase classname="backend.tests.test_iteration_29" name="test_webhook_idempotent_for_open_ticket" time="0.696" /><testcase classname="backend.tests.test_iteration_29" name="test_concurrent_ticket_creation_no_collision" time="1.239" /><testcase classname="backend.tests.test_iteration_29" name="test_per_company_independent_sequence" time="30.213" /><testcase classname="backend.tests.test_iteration_29" name="test_regression_ticket_crud_and_message" time="6.110" /><testcase classname="backend.tests.test_iteration_28.TestCampaignAntiBlock" name="test_create_campaign_default_anti_block" time="0.666" /><testcase classname="backend.tests.test_iteration_28.TestCampaignAntiBlock" name="test_create_campaign_with_custom_anti_block" time="10.225" /><testcase classname="backend.tests.test_iteration_28.TestCampaignAntiBlock" name="test_update_campaign_anti_block" time="5.704" /><testcase classname="backend.tests.test_iteration_28.TestPresenceWebhooks" name="test_presence_webhook_persists_and_listed" time="0.350" /><testcase classname="backend.tests.test_iteration_28.TestPresenceWebhooks" name="test_presence_webhook_missing_instance" time="0.111" /><testcase classname="backend.tests.test_iteration_28.TestMessageStatusWebhook" name="test_message_status_unknown_message_id_no_500" time="0.117" /><testcase classname="backend.tests.test_iteration_28.TestMessageStatusWebhook" name="test_message_status_updates_existing_ticket_message" time="0.381" /><testcase classname="backend.tests.test_iteration_28.TestMessageStatusWebhook" name="test_message_status_invalid_payload_no_500" time="0.248" /><testcase classname="backend.tests.test_iteration_28.TestRunCampaign" name="test_run_small_campaign_sync" time="0.960" /><testcase classname="backend.tests.test_iteration_28.TestRunCampaign" name="test_run_long_campaign_async_queued" time="1.234" /><testcase classname="backend.tests.test_iteration_28.TestRegression27" name="test_queues_crud" time="0.468" /><testcase classname="backend.tests.test_iteration_28.TestRegression27" name="test_contact_lists_crud" time="0.386" /><testcase classname="backend.tests.test_iteration_28.TestRegression27" name="test_kanban_v2_has_totals" time="0.109" /><testcase classname="backend.tests.test_iteration_28.TestRegression27" name="test_ticket_tags_add_remove" time="0.472" /><testcase classname="backend.tests.test_iteration_28.TestRegression27" name="test_webhook_connected_and_contact_presence_60s" time="0.107" /><testcase classname="backend.tests.test_iteration_28.TestRegression27" name="test_run_campaign_no_messages_400" time="0.577" /></testsuite></testsuites>