<?xml version="1.0" encoding="utf-8"?><testsuites name="pytest tests"><testsuite name="pytest" errors="0" failures="0" skipped="0" tests="22" time="8.526" timestamp="2026-08-10T18:37:33.575676+00:00" hostname="agent-env-394393c8-93cc-434a-a428-9a3c0b31a3fb"><testcase classname="tests.test_flow_engine" name="test_initial_trigger_sends_welcome_and_menu_then_waits" time="1.203" /><testcase classname="tests.test_flow_engine" name="test_menu_reply_advances_to_branch_and_ends_flow" time="1.201" /><testcase classname="tests.test_flow_engine" name="test_menu_invalid_reply_stays_silent_without_advancing" time="1.202" /><testcase classname="tests.test_flow_engine" name="test_ticket_node_clears_flow_state" time="1.202" /><testcase classname="tests.test_flow_engine" name="test_dry_run_does_not_persist" time="1.202" /><testcase classname="tests.test_flow_engine" name="test_orphan_active_node_clears_state_safely" time="0.000" /><testcase classname="tests.test_flow_engine" name="test_start_node_with_text_data_is_still_skipped" time="1.202" /><testcase classname="tests.test_flow_engine" name="test_message_with_capture_var_pauses_for_input" time="0.001" /><testcase classname="tests.test_flow_engine" name="test_capture_var_then_resume_continues_to_sgp" time="0.001" /><testcase classname="tests.test_flow_engine" name="test_critical_placeholder_missing_emits_friendly_fallback" time="0.000" /><testcase classname="tests.test_flow_engine" name="test_flatten_consultacliente_real_sgp_shape" time="0.000" /><testcase classname="tests.test_flow_engine" name="test_flatten_consultacliente_empty_response" time="0.000" /><testcase classname="tests.test_flow_engine" name="test_flatten_fatura2via_real_sgp_shape" time="0.000" /><testcase classname="tests.test_flow_engine" name="test_flatten_fatura2via_falls_back_when_link_pix_html_missing" time="0.000" /><testcase classname="tests.test_flow_engine" name="test_interpolate_handles_single_and_double_curly_link_pix_html" time="0.000" /><testcase classname="tests.test_iteration_63_menu_no_reemit" name="test_static_menu_invalid_reply_does_not_reemit" time="0.000" /><testcase classname="tests.test_iteration_63_menu_no_reemit" name="test_static_menu_pauses_after_three_invalid_replies_without_reemit" time="0.000" /><testcase classname="tests.test_iteration_63_menu_no_reemit" name="test_static_menu_valid_reply_advances_without_reemit" time="0.000" /><testcase classname="tests.test_iteration_63_menu_no_reemit" name="test_dynamic_menu_invalid_reply_does_not_reemit" time="0.000" /><testcase classname="tests.test_iteration_63_menu_no_reemit" name="test_dynamic_menu_pauses_after_three_invalid_replies" time="0.000" /><testcase classname="tests.test_iteration_63_menu_no_reemit" name="test_dynamic_menu_valid_reply_advances" time="0.000" /><testcase classname="tests.test_iteration_63_menu_no_reemit" name="test_capture_format_invalid_still_reemits_prompt_and_error" time="1.201" /></testsuite></testsuites>