<?xml version="1.0" encoding="utf-8"?><testsuites name="pytest tests"><testsuite name="pytest" errors="0" failures="0" skipped="0" tests="3" time="1.707" timestamp="2026-04-28T14:46:57.491422+00:00" hostname="agent-env-394393c8-93cc-434a-a428-9a3c0b31a3fb"><testcase classname="backend.tests.test_iteration_32.TestRegression" name="test_ticket_number_sequential" time="0.941" /><testcase classname="backend.tests.test_iteration_32.TestRegression" name="test_mobile_bottom_nav_present_on_company" time="0.454" /><testcase classname="backend.tests.test_iteration_32.TestRegression" name="test_resync_features_endpoint_alive" time="0.223" /></testsuite></testsuites>