<?xml version="1.0" encoding="utf-8"?><testsuites name="pytest tests"><testsuite name="pytest" errors="0" failures="0" skipped="0" tests="10" time="4.486" timestamp="2026-08-06T22:25:25.565791+00:00" hostname="agent-env-394393c8-93cc-434a-a428-9a3c0b31a3fb"><testcase classname="tests.test_iteration_62_close_cooldown.TestSettingsField" name="test_get_returns_field_default" time="0.849" /><testcase classname="tests.test_iteration_62_close_cooldown.TestSettingsField" name="test_put_persists_value" time="0.209" /><testcase classname="tests.test_iteration_62_close_cooldown.TestSettingsField" name="test_put_rejects_negative" time="0.141" /><testcase classname="tests.test_iteration_62_close_cooldown.TestSettingsField" name="test_put_rejects_over_max" time="0.129" /><testcase classname="tests.test_iteration_62_close_cooldown.TestSettingsField" name="test_put_accepts_zero_and_365" time="0.300" /><testcase classname="tests.test_iteration_62_close_cooldown.TestManualCloseCooldown" name="test_cooldown_hit_skips_message" time="0.379" /><testcase classname="tests.test_iteration_62_close_cooldown.TestManualCloseCooldown" name="test_cooldown_disabled_when_zero" time="0.535" /><testcase classname="tests.test_iteration_62_close_cooldown.TestManualCloseCooldown" name="test_cooldown_expired_sends_again" time="0.805" /><testcase classname="tests.test_iteration_62_close_cooldown.TestManualCloseCooldown" name="test_cooldown_is_company_scoped" time="0.603" /><testcase classname="tests.test_iteration_62_close_cooldown.TestManualCloseCooldown" name="test_send_flag_off_no_message_no_check" time="0.374" /></testsuite></testsuites>