<?xml version="1.0" encoding="utf-8"?><testsuites name="pytest tests"><testsuite name="pytest" errors="0" failures="0" skipped="0" tests="8" time="6.905" timestamp="2026-04-30T16:24:52.652934+00:00" hostname="agent-env-394393c8-93cc-434a-a428-9a3c0b31a3fb"><testcase classname="backend.tests.test_iteration_44.TestQuotesRequireTicket" name="test_quote_without_ticket_id_400" time="0.691" /><testcase classname="backend.tests.test_iteration_44.TestQuotesRequireTicket" name="test_quote_with_ticket_id_uses_ticket_number" time="1.108" /><testcase classname="backend.tests.test_iteration_44.TestQuotesRequireTicket" name="test_quote_with_other_tenant_ticket_404" time="0.848" /><testcase classname="backend.tests.test_iteration_44.TestMergeTickets" name="test_merge_messages_tags_quotes" time="1.493" /><testcase classname="backend.tests.test_iteration_44.TestMergeTickets" name="test_merge_src_equals_dst_400" time="0.422" /><testcase classname="backend.tests.test_iteration_44.TestMergeTickets" name="test_merge_cross_tenant_404" time="0.905" /><testcase classname="backend.tests.test_iteration_44.TestWebhookLidFallback" name="test_lid_phone_merges_into_existing_ticket" time="0.843" /><testcase classname="backend.tests.test_iteration_44.TestWebhookLidFallback" name="test_normal_brazilian_phone_creates_or_uses_phone_match" time="0.449" /></testsuite></testsuites>