<?xml version="1.0" encoding="utf-8"?><testsuites name="pytest tests"><testsuite name="pytest" errors="0" failures="0" skipped="0" tests="10" time="4.696" timestamp="2026-04-27T04:14:30.617775+00:00" hostname="agent-env-394393c8-93cc-434a-a428-9a3c0b31a3fb"><testcase classname="backend.tests.test_iteration_26.TestTicketWithValueAndTags" name="test_create_ticket_with_value_and_tags" time="0.692" /><testcase classname="backend.tests.test_iteration_26.TestTicketWithValueAndTags" name="test_get_single_ticket" time="0.367" /><testcase classname="backend.tests.test_iteration_26.TestTicketWithValueAndTags" name="test_get_single_ticket_not_found" time="0.113" /><testcase classname="backend.tests.test_iteration_26.TestTicketWithValueAndTags" name="test_add_remove_tag_idempotent" time="0.792" /><testcase classname="backend.tests.test_iteration_26.TestTicketWithValueAndTags" name="test_add_tag_404_for_unknown_ticket" time="0.104" /><testcase classname="backend.tests.test_iteration_26.TestTicketWithValueAndTags" name="test_put_ticket_extended_fields" time="0.751" /><testcase classname="backend.tests.test_iteration_26.TestSendMessageWhatsApp" name="test_agent_message_whatsapp_no_active_connection" time="0.341" /><testcase classname="backend.tests.test_iteration_26.TestKanbanV2Totals" name="test_kanban_v2_includes_totals_by_column" time="0.340" /><testcase classname="backend.tests.test_iteration_26.TestWebhookAutoCreateTicket" name="test_webhook_creates_ticket_for_new_phone" time="0.789" /><testcase classname="backend.tests.test_iteration_26.TestScheduledMessages" name="test_create_scheduled_message" time="0.325" /></testsuite></testsuites>