<?xml version="1.0" encoding="utf-8"?><testsuites name="pytest tests"><testsuite name="pytest" errors="0" failures="0" skipped="0" tests="12" time="9.920" timestamp="2026-06-24T01:12:36.446827+00:00" hostname="agent-env-394393c8-93cc-434a-a428-9a3c0b31a3fb"><testcase classname="backend.tests.test_iteration_60.TestContactListExcel" name="test_template_download" time="0.955" /><testcase classname="backend.tests.test_iteration_60.TestContactListExcel" name="test_import_excel_rejects_csv" time="0.112" /><testcase classname="backend.tests.test_iteration_60.TestContactListExcel" name="test_import_excel_creates_list_with_dedup" time="0.214" /><testcase classname="backend.tests.test_iteration_60.TestCampaignControls" name="test_run_with_empty_audience_returns_400" time="0.215" /><testcase classname="backend.tests.test_iteration_60.TestCampaignControls" name="test_pause_nonrunning_returns_400" time="0.109" /><testcase classname="backend.tests.test_iteration_60.TestCampaignControls" name="test_resume_nonpaused_returns_400" time="0.111" /><testcase classname="backend.tests.test_iteration_60.TestCampaignControls" name="test_progress_shape" time="0.107" /><testcase classname="backend.tests.test_iteration_60.TestCampaignControls" name="test_cancel_endpoint" time="0.102" /><testcase classname="backend.tests.test_iteration_60.TestCampaignRunWithAudience" name="test_run_seeds_deliveries" time="1.536" /><testcase classname="backend.tests.test_iteration_60.TestCampaignRunWithAudience" name="test_pause_during_execution" time="3.247" /><testcase classname="backend.tests.test_iteration_60.TestCampaignRunWithAudience" name="test_resume_paused" time="0.649" /><testcase classname="backend.tests.test_iteration_60" name="test_scheduler_processes_programada_campaign" time="2.466" /></testsuite></testsuites>