<?xml version="1.0" encoding="utf-8"?><testsuites name="pytest tests"><testsuite name="pytest" errors="0" failures="0" skipped="0" tests="9" time="4.244" timestamp="2026-04-30T03:09:17.386450+00:00" hostname="agent-env-394393c8-93cc-434a-a428-9a3c0b31a3fb"><testcase classname="backend.tests.test_iteration_42.TestPdfDownload" name="test_pdf_returns_application_pdf" time="0.994" /><testcase classname="backend.tests.test_iteration_42.TestPdfDownload" name="test_pdf_requires_auth" time="0.151" /><testcase classname="backend.tests.test_iteration_42.TestPdfDownload" name="test_pdf_404" time="0.136" /><testcase classname="backend.tests.test_iteration_42.TestSendWhatsapp" name="test_phone_required_when_no_client_no_ticket" time="0.289" /><testcase classname="backend.tests.test_iteration_42.TestSendWhatsapp" name="test_invalid_connection_returns_404" time="0.150" /><testcase classname="backend.tests.test_iteration_42.TestSendWhatsapp" name="test_microservice_failure_returns_502_not_500" time="0.507" /><testcase classname="backend.tests.test_iteration_42.TestSendWhatsapp" name="test_ticket_logs_message_even_on_failure" time="1.100" /><testcase classname="backend.tests.test_iteration_42.TestMultiTenantSend" name="test_cross_tenant_connection_returns_404" time="0.690" /><testcase classname="backend.tests.test_iteration_42.TestMicroserviceEndpoint" name="test_send_media_endpoint_exists_and_validates" time="0.142" /></testsuite></testsuites>