<?xml version="1.0" encoding="utf-8"?><testsuites name="pytest tests"><testsuite name="pytest" errors="0" failures="0" skipped="0" tests="8" time="3.942" timestamp="2026-05-21T00:36:53.733086+00:00" hostname="agent-env-394393c8-93cc-434a-a428-9a3c0b31a3fb"><testcase classname="tests.test_iteration_55.TestTicketSettings" name="test_get_initial" time="0.496" /><testcase classname="tests.test_iteration_55.TestTicketSettings" name="test_put_message_persists" time="0.256" /><testcase classname="tests.test_iteration_55.TestTicketSettings" name="test_put_message_truncated_at_1000" time="0.104" /><testcase classname="tests.test_iteration_55.TestTicketSettings" name="test_hours_out_of_range_rejected" time="0.110" /><testcase classname="tests.test_iteration_55.TestTicketSettings" name="test_cleanup_restore" time="0.143" /><testcase classname="tests.test_iteration_55.TestAdmTxnAutoGen" name="test_01_create_company_generates_3_txns" time="1.310" /><testcase classname="tests.test_iteration_55.TestAdmTxnAutoGen" name="test_02_update_company_preserves_paid_resets_pending" time="1.460" /><testcase classname="tests.test_iteration_55.TestStuckFlowLog" name="test_warning_string_present_in_module" time="0.000" /></testsuite></testsuites>