<?xml version="1.0" encoding="utf-8"?><testsuites name="pytest tests"><testsuite name="pytest" errors="0" failures="0" skipped="0" tests="18" time="8.346" timestamp="2026-04-28T19:38:26.016375+00:00" hostname="agent-env-394393c8-93cc-434a-a428-9a3c0b31a3fb"><testcase classname="backend.tests.test_iteration_34.TestAllFeatures" name="test_own_appointments_only_in_catalog" time="0.523" /><testcase classname="backend.tests.test_iteration_34.TestOwnAppointmentsOnly" name="test_login_attaches_perms_to_restricted_user" time="4.173" /><testcase classname="backend.tests.test_iteration_34.TestOwnAppointmentsOnly" name="test_professionals_restricted_user_sees_only_self" time="0.111" /><testcase classname="backend.tests.test_iteration_34.TestOwnAppointmentsOnly" name="test_professionals_unlinked_restricted_user_sees_empty" time="0.124" /><testcase classname="backend.tests.test_iteration_34.TestOwnAppointmentsOnly" name="test_professionals_full_user_sees_all" time="0.129" /><testcase classname="backend.tests.test_iteration_34.TestOwnAppointmentsOnly" name="test_professionals_admin_sees_all" time="0.145" /><testcase classname="backend.tests.test_iteration_34.TestOwnAppointmentsOnly" name="test_appointments_restricted_user_sees_only_own" time="0.110" /><testcase classname="backend.tests.test_iteration_34.TestOwnAppointmentsOnly" name="test_appointments_restricted_user_cannot_query_other" time="0.152" /><testcase classname="backend.tests.test_iteration_34.TestOwnAppointmentsOnly" name="test_appointments_unlinked_restricted_user_empty" time="0.136" /><testcase classname="backend.tests.test_iteration_34.TestOwnAppointmentsOnly" name="test_appointments_full_user_sees_all" time="0.110" /><testcase classname="backend.tests.test_iteration_34.TestOwnAppointmentsOnly" name="test_appointments_admin_sees_all" time="0.113" /><testcase classname="backend.tests.test_iteration_34.TestOwnAppointmentsOnly" name="test_commissions_restricted_user_sees_only_own" time="0.113" /><testcase classname="backend.tests.test_iteration_34.TestOwnAppointmentsOnly" name="test_commissions_force_override_other_professional_id" time="0.111" /><testcase classname="backend.tests.test_iteration_34.TestOwnAppointmentsOnly" name="test_commissions_unlinked_restricted_user_fail_closed" time="0.118" /><testcase classname="backend.tests.test_iteration_34.TestOwnAppointmentsOnly" name="test_commissions_full_user_sees_all" time="0.161" /><testcase classname="backend.tests.test_iteration_34.TestOwnAppointmentsOnly" name="test_commissions_admin_sees_all" time="0.114" /><testcase classname="backend.tests.test_iteration_34.TestOwnAppointmentsOnly" name="test_commissions_admin_with_explicit_profA_filter_works" time="0.121" /><testcase classname="backend.tests.test_iteration_34.TestOwnAppointmentsOnly" name="test_iter33_summary_keys_preserved" time="1.682" /></testsuite></testsuites>