<?xml version="1.0" encoding="utf-8"?><testsuites name="pytest tests"><testsuite name="pytest" errors="0" failures="0" skipped="0" tests="24" time="7.460" timestamp="2026-04-18T02:27:03.134349+00:00" hostname="agent-env-394393c8-93cc-434a-a428-9a3c0b31a3fb"><testcase classname="backend.tests.test_iteration_15.TestClientCRUD" name="test_create_client" time="0.501" /><testcase classname="backend.tests.test_iteration_15.TestClientCRUD" name="test_update_client" time="0.136" /><testcase classname="backend.tests.test_iteration_15.TestClientCRUD" name="test_get_client_after_update" time="0.117" /><testcase classname="backend.tests.test_iteration_15.TestClientCRUD" name="test_delete_client" time="0.120" /><testcase classname="backend.tests.test_iteration_15.TestClientCRUD" name="test_client_not_found_after_delete" time="0.109" /><testcase classname="backend.tests.test_iteration_15.TestAppointmentConclude" name="test_create_appointment_for_conclude" time="0.691" /><testcase classname="backend.tests.test_iteration_15.TestAppointmentConclude" name="test_confirm_appointment" time="0.116" /><testcase classname="backend.tests.test_iteration_15.TestAppointmentConclude" name="test_conclude_appointment_with_pix" time="0.118" /><testcase classname="backend.tests.test_iteration_15.TestAppointmentConclude" name="test_conclude_creates_financial_transaction" time="0.115" /><testcase classname="backend.tests.test_iteration_15.TestAppointmentConclude" name="test_cannot_conclude_already_concluded" time="0.123" /><testcase classname="backend.tests.test_iteration_15.TestFinancialEndpoints" name="test_get_financial_transactions" time="0.444" /><testcase classname="backend.tests.test_iteration_15.TestFinancialEndpoints" name="test_get_financial_summary" time="0.115" /><testcase classname="backend.tests.test_iteration_15.TestFinancialEndpoints" name="test_financial_summary_has_pix_from_conclude" time="0.162" /><testcase classname="backend.tests.test_iteration_15.TestPermissionProfiles" name="test_create_permission_profile" time="0.502" /><testcase classname="backend.tests.test_iteration_15.TestPermissionProfiles" name="test_list_permission_profiles" time="0.116" /><testcase classname="backend.tests.test_iteration_15.TestPermissionProfiles" name="test_update_permission_profile" time="0.106" /><testcase classname="backend.tests.test_iteration_15.TestPermissionProfiles" name="test_delete_permission_profile" time="0.133" /><testcase classname="backend.tests.test_iteration_15.TestConcludeWithDifferentPaymentMethods" name="test_conclude_with_dinheiro" time="1.000" /><testcase classname="backend.tests.test_iteration_15.TestConcludeWithDifferentPaymentMethods" name="test_conclude_with_cartao_credito" time="0.364" /><testcase classname="backend.tests.test_iteration_15.TestConcludeWithDifferentPaymentMethods" name="test_conclude_with_cartao_debito" time="0.372" /><testcase classname="backend.tests.test_iteration_15.TestConcludeWithDifferentPaymentMethods" name="test_financial_summary_has_all_methods" time="0.126" /><testcase classname="backend.tests.test_iteration_15.TestCleanup" name="test_cleanup_test_appointments" time="1.134" /><testcase classname="backend.tests.test_iteration_15.TestCleanup" name="test_cleanup_test_clients" time="0.555" /><testcase classname="backend.tests.test_iteration_15.TestCleanup" name="test_cleanup_test_profiles" time="0.108" /></testsuite></testsuites>