<?xml version="1.0" encoding="utf-8"?><testsuites name="pytest tests"><testsuite name="pytest" errors="0" failures="0" skipped="0" tests="11" time="3.494" timestamp="2026-04-21T02:45:11.151457+00:00" hostname="agent-env-394393c8-93cc-434a-a428-9a3c0b31a3fb"><testcase classname="backend.tests.test_iteration_18" name="test_login_success" time="0.425" /><testcase classname="backend.tests.test_iteration_18" name="test_login_invalid" time="0.337" /><testcase classname="backend.tests.test_iteration_18" name="test_list_appointments_admin_all" time="0.472" /><testcase classname="backend.tests.test_iteration_18" name="test_list_appointments_filters" time="0.157" /><testcase classname="backend.tests.test_iteration_18" name="test_booking_page_get" time="0.111" /><testcase classname="backend.tests.test_iteration_18" name="test_booking_page_put_logo_url" time="0.213" /><testcase classname="backend.tests.test_iteration_18" name="test_business_hours_get" time="0.137" /><testcase classname="backend.tests.test_iteration_18" name="test_upload_booking_image" time="0.315" /><testcase classname="backend.tests.test_iteration_18" name="test_suspension_full_day_range" time="0.389" /><testcase classname="backend.tests.test_iteration_18" name="test_suspension_with_start_end_time" time="0.493" /><testcase classname="backend.tests.test_iteration_18" name="test_suspension_only_some_hours_partial" time="0.369" /></testsuite></testsuites>