<?xml version="1.0" encoding="utf-8"?><testsuites name="pytest tests"><testsuite name="pytest" errors="0" failures="0" skipped="0" tests="14" time="6.213" timestamp="2026-04-17T03:16:25.563901+00:00" hostname="agent-env-394393c8-93cc-434a-a428-9a3c0b31a3fb"><testcase classname="backend.tests.test_iteration_12.TestPublicEndpoints" name="test_public_booking_boss" time="0.164" /><testcase classname="backend.tests.test_iteration_12.TestPublicEndpoints" name="test_public_indoor_boss" time="0.130" /><testcase classname="backend.tests.test_iteration_12.TestPublicEndpoints" name="test_business_types" time="0.179" /><testcase classname="backend.tests.test_iteration_12.TestAuthEndpoints" name="test_boss_company_login" time="0.447" /><testcase classname="backend.tests.test_iteration_12.TestAuthEndpoints" name="test_super_admin_login" time="0.430" /><testcase classname="backend.tests.test_iteration_12.TestAuthEndpoints" name="test_invalid_login" time="0.280" /><testcase classname="backend.tests.test_iteration_12.TestSuperAdminEndpoints" name="test_get_companies" time="0.610" /><testcase classname="backend.tests.test_iteration_12.TestCompanyEndpoints" name="test_get_booking_page" time="0.621" /><testcase classname="backend.tests.test_iteration_12.TestCompanyEndpoints" name="test_get_services" time="0.738" /><testcase classname="backend.tests.test_iteration_12.TestCompanyEndpoints" name="test_get_professionals" time="0.753" /><testcase classname="backend.tests.test_iteration_12.TestCompanyEndpoints" name="test_get_appointments" time="0.701" /><testcase classname="backend.tests.test_iteration_12.TestURLStructure" name="test_slug_based_booking_endpoint" time="0.365" /><testcase classname="backend.tests.test_iteration_12.TestURLStructure" name="test_slug_based_indoor_endpoint" time="0.271" /><testcase classname="backend.tests.test_iteration_12.TestURLStructure" name="test_invalid_slug_returns_404" time="0.439" /></testsuite></testsuites>