<?xml version="1.0" encoding="utf-8"?><testsuites name="pytest tests"><testsuite name="pytest" errors="0" failures="0" skipped="0" tests="18" time="7.678" timestamp="2026-04-16T17:36:11.900596+00:00" hostname="agent-env-394393c8-93cc-434a-a428-9a3c0b31a3fb"><testcase classname="backend.tests.test_scheduling_api.TestAuth" name="test_login_scheduling_company" time="0.562" /><testcase classname="backend.tests.test_scheduling_api.TestAuth" name="test_login_crm_company" time="0.350" /><testcase classname="backend.tests.test_scheduling_api.TestBusinessHours" name="test_get_business_hours" time="0.498" /><testcase classname="backend.tests.test_scheduling_api.TestBusinessHours" name="test_update_business_hours" time="0.499" /><testcase classname="backend.tests.test_scheduling_api.TestProfessionalSuspensions" name="test_get_professionals" time="0.496" /><testcase classname="backend.tests.test_scheduling_api.TestProfessionalSuspensions" name="test_add_suspension" time="0.651" /><testcase classname="backend.tests.test_scheduling_api.TestProfessionalSuspensions" name="test_remove_suspension" time="0.743" /><testcase classname="backend.tests.test_scheduling_api.TestBookingPage" name="test_get_booking_page" time="0.491" /><testcase classname="backend.tests.test_scheduling_api.TestBookingPage" name="test_update_booking_page_slug" time="0.437" /><testcase classname="backend.tests.test_scheduling_api.TestBookingPage" name="test_update_booking_page_custom_domain" time="0.607" /><testcase classname="backend.tests.test_scheduling_api.TestPublicBooking" name="test_get_public_booking_page_by_slug" time="0.116" /><testcase classname="backend.tests.test_scheduling_api.TestPublicBooking" name="test_get_public_services" time="0.109" /><testcase classname="backend.tests.test_scheduling_api.TestPublicBooking" name="test_get_public_professionals" time="0.140" /><testcase classname="backend.tests.test_scheduling_api.TestPublicBooking" name="test_get_public_availability" time="0.227" /><testcase classname="backend.tests.test_scheduling_api.TestSmartAvailability" name="test_smart_availability" time="0.522" /><testcase classname="backend.tests.test_scheduling_api.TestSmartAvailability" name="test_smart_availability_with_service" time="0.570" /><testcase classname="backend.tests.test_scheduling_api.TestIndoorDisplay" name="test_get_indoor_settings" time="0.454" /><testcase classname="backend.tests.test_scheduling_api.TestIndoorDisplay" name="test_get_public_indoor" time="0.124" /></testsuite></testsuites>