<?xml version="1.0" encoding="utf-8"?><testsuites name="pytest tests"><testsuite name="pytest" errors="0" failures="0" skipped="0" tests="11" time="3.396" timestamp="2026-04-17T17:58:08.679331+00:00" hostname="agent-env-394393c8-93cc-434a-a428-9a3c0b31a3fb"><testcase classname="tests.test_iteration_13.TestPublicBookingWithoutEmail" name="test_health_check" time="0.211" /><testcase classname="tests.test_iteration_13.TestPublicBookingWithoutEmail" name="test_get_boss_booking_page" time="0.171" /><testcase classname="tests.test_iteration_13.TestPublicBookingWithoutEmail" name="test_get_boss_services" time="0.114" /><testcase classname="tests.test_iteration_13.TestPublicBookingWithoutEmail" name="test_get_boss_professionals" time="0.121" /><testcase classname="tests.test_iteration_13.TestPublicBookingWithoutEmail" name="test_get_availability" time="0.244" /><testcase classname="tests.test_iteration_13.TestPublicBookingWithoutEmail" name="test_booking_without_email" time="0.492" /><testcase classname="tests.test_iteration_13.TestPublicBookingWithoutEmail" name="test_booking_with_empty_email_string" time="0.475" /><testcase classname="tests.test_iteration_13.TestAppointmentStatusUpdate" name="test_login_boss" time="0.356" /><testcase classname="tests.test_iteration_13.TestAppointmentStatusUpdate" name="test_get_appointments" time="0.463" /><testcase classname="tests.test_iteration_13.TestAppointmentStatusUpdate" name="test_update_appointment_status" time="0.561" /><testcase classname="tests.test_iteration_13.TestIndoorDisplay" name="test_indoor_endpoint" time="0.116" /></testsuite></testsuites>