<?xml version="1.0" encoding="utf-8"?><testsuites name="pytest tests"><testsuite name="pytest" errors="0" failures="0" skipped="0" tests="13" time="4.003" timestamp="2026-04-18T03:01:11.240617+00:00" hostname="agent-env-394393c8-93cc-434a-a428-9a3c0b31a3fb"><testcase classname="backend.tests.test_iteration_16.TestAuth" name="test_login_success" time="0.431" /><testcase classname="backend.tests.test_iteration_16.TestAppointmentsAPI" name="test_get_appointments" time="0.458" /><testcase classname="backend.tests.test_iteration_16.TestAppointmentsAPI" name="test_get_appointments_with_status_filter" time="0.151" /><testcase classname="backend.tests.test_iteration_16.TestAppointmentsAPI" name="test_conclude_appointment_flow" time="0.241" /><testcase classname="backend.tests.test_iteration_16.TestFinancialAPI" name="test_get_financial_transactions" time="0.447" /><testcase classname="backend.tests.test_iteration_16.TestFinancialAPI" name="test_get_financial_transactions_with_date_filter" time="0.112" /><testcase classname="backend.tests.test_iteration_16.TestFinancialAPI" name="test_get_financial_transactions_with_payment_method_filter" time="0.117" /><testcase classname="backend.tests.test_iteration_16.TestFinancialAPI" name="test_get_financial_summary" time="0.121" /><testcase classname="backend.tests.test_iteration_16.TestFinancialAPI" name="test_get_financial_summary_with_date_filter" time="0.116" /><testcase classname="backend.tests.test_iteration_16.TestProfessionalsAPI" name="test_get_professionals" time="0.457" /><testcase classname="backend.tests.test_iteration_16.TestProfessionalsAPI" name="test_add_suspension_to_professional" time="0.350" /><testcase classname="backend.tests.test_iteration_16.TestServicesAPI" name="test_get_services" time="0.459" /><testcase classname="backend.tests.test_iteration_16.TestClientsAPI" name="test_get_clients" time="0.459" /></testsuite></testsuites>