<?xml version="1.0" encoding="utf-8"?><testsuites name="pytest tests"><testsuite name="pytest" errors="0" failures="0" skipped="0" tests="23" time="3.525" timestamp="2026-04-17T21:14:03.613060+00:00" hostname="agent-env-394393c8-93cc-434a-a428-9a3c0b31a3fb"><testcase classname="backend.tests.test_channels_api.TestConnections" name="test_get_connections" time="0.513" /><testcase classname="backend.tests.test_channels_api.TestConnections" name="test_create_whatsapp_connection" time="0.113" /><testcase classname="backend.tests.test_channels_api.TestConnections" name="test_create_instagram_connection" time="0.108" /><testcase classname="backend.tests.test_channels_api.TestConnections" name="test_connect_channel_sets_waiting_qr" time="0.112" /><testcase classname="backend.tests.test_channels_api.TestConnections" name="test_disconnect_channel" time="0.132" /><testcase classname="backend.tests.test_channels_api.TestConnections" name="test_verify_connection_persisted" time="0.114" /><testcase classname="backend.tests.test_channels_api.TestConnections" name="test_delete_connection" time="0.224" /><testcase classname="backend.tests.test_channels_api.TestMessageTemplates" name="test_get_templates" time="0.125" /><testcase classname="backend.tests.test_channels_api.TestMessageTemplates" name="test_create_template" time="0.125" /><testcase classname="backend.tests.test_channels_api.TestMessageTemplates" name="test_upsert_template_updates_existing" time="0.112" /><testcase classname="backend.tests.test_channels_api.TestMessageTemplates" name="test_verify_template_persisted" time="0.115" /><testcase classname="backend.tests.test_channels_api.TestScheduledMessages" name="test_get_scheduled_messages" time="0.117" /><testcase classname="backend.tests.test_channels_api.TestScheduledMessages" name="test_create_scheduled_message" time="0.170" /><testcase classname="backend.tests.test_channels_api.TestScheduledMessages" name="test_update_scheduled_message_status" time="0.114" /><testcase classname="backend.tests.test_channels_api.TestScheduledMessages" name="test_verify_scheduled_message_persisted" time="0.119" /><testcase classname="backend.tests.test_channels_api.TestScheduledMessages" name="test_filter_by_status" time="0.106" /><testcase classname="backend.tests.test_channels_api.TestScheduledMessages" name="test_delete_scheduled_message" time="0.144" /><testcase classname="backend.tests.test_channels_api.TestInternalChat" name="test_get_chat_channels" time="0.109" /><testcase classname="backend.tests.test_channels_api.TestInternalChat" name="test_get_chat_messages" time="0.147" /><testcase classname="backend.tests.test_channels_api.TestInternalChat" name="test_send_chat_message" time="0.118" /><testcase classname="backend.tests.test_channels_api.TestInternalChat" name="test_verify_message_persisted" time="0.116" /><testcase classname="backend.tests.test_channels_api.TestCleanup" name="test_cleanup_test_connections" time="0.241" /><testcase classname="backend.tests.test_channels_api.TestCleanup" name="test_cleanup_test_scheduled_messages" time="0.133" /></testsuite></testsuites>