<?xml version="1.0" encoding="utf-8"?><testsuites name="pytest tests"><testsuite name="pytest" errors="0" failures="1" skipped="0" tests="8" time="5.969" timestamp="2026-09-03T01:37:49.201528+00:00" hostname="agent-env-394393c8-93cc-434a-a428-9a3c0b31a3fb"><testcase classname="tests.test_iteration_72.TestTicketWithDdiWebhookWithout" name="test_message_lands_in_existing_ticket" time="4.276" /><testcase classname="tests.test_iteration_72.TestTicketWithoutDdiWebhookWith" name="test_message_lands_in_existing_ticket" time="0.157" /><testcase classname="tests.test_iteration_72.TestFormattedPhone" name="test_formatted_phone_matches_digits_ticket" time="0.139" /><testcase classname="tests.test_iteration_72.TestIdempotenceStillWorks" name="test_same_msg_id_twice_is_deduped" time="0.272" /><testcase classname="tests.test_iteration_72.TestUnrelatedPhoneDoesNotCollapse" name="test_unrelated_phone_creates_own_ticket" time="0.169" /><testcase classname="tests.test_iteration_72.TestPerConnectionScopingPreserved" name="test_variant_phone_other_connection_does_not_match" time="0.187" /><testcase classname="tests.test_iteration_72.TestOutboundFromPhoneMatchesVariant" name="test_from_me_variant_lands_in_existing_ticket" time="0.125" /><testcase classname="tests.test_iteration_72.TestCrmOpenForClientDdiDrift" name="test_open_for_client_reuses_ticket_with_ddi_drift" time="0.484"><failure message="AssertionError: open-for-client criou ticket duplicado por drift de DDI (existente=4415eb32-10f8-466c-8b17-988daebdc071 phone=5562914845243, retornado=d9999615-baf6-4efc-bb52-eb4fb5b6ceae, novos=['62914845243'])&#10;assert ('d9999615-baf...-eb4fb5b6ceae' == '4415eb32-10f...-988daebdc071'&#10;  &#10;  - 4415eb32-10f8-466c-8b17-988daebdc071&#10;  + d9999615-baf6-4efc-bb52-eb4fb5b6ceae)">E   AssertionError: open-for-client criou ticket duplicado por drift de DDI (existente=4415eb32-10f8-466c-8b17-988daebdc071 phone=5562914845243, retornado=d9999615-baf6-4efc-bb52-eb4fb5b6ceae, novos=['62914845243'])
    assert ('d9999615-baf...-eb4fb5b6ceae' == '4415eb32-10f...-988daebdc071'
      
      - 4415eb32-10f8-466c-8b17-988daebdc071
      + d9999615-baf6-4efc-bb52-eb4fb5b6ceae)</failure></testcase></testsuite></testsuites>