<?xml version="1.0" encoding="utf-8"?><testsuites name="pytest tests"><testsuite name="pytest" errors="0" failures="0" skipped="0" tests="11" time="4.568" timestamp="2026-04-18T03:10:14.192636+00:00" hostname="agent-env-394393c8-93cc-434a-a428-9a3c0b31a3fb"><testcase classname="backend.tests.test_iteration_17.TestWhatsAppNodeService" name="test_health_endpoint" time="0.010" /><testcase classname="backend.tests.test_iteration_17.TestWhatsAppNodeService" name="test_instances_list" time="0.002" /><testcase classname="backend.tests.test_iteration_17.TestChannelConnectionsAPI" name="test_list_connections" time="0.638" /><testcase classname="backend.tests.test_iteration_17.TestChannelConnectionsAPI" name="test_create_connection" time="0.115" /><testcase classname="backend.tests.test_iteration_17.TestChannelConnectionsAPI" name="test_connect_triggers_baileys" time="0.315" /><testcase classname="backend.tests.test_iteration_17.TestChannelConnectionsAPI" name="test_get_qr_code" time="2.412" /><testcase classname="backend.tests.test_iteration_17.TestChannelConnectionsAPI" name="test_disconnect_connection" time="0.272" /><testcase classname="backend.tests.test_iteration_17.TestChannelConnectionsAPI" name="test_send_message_not_connected" time="0.234" /><testcase classname="backend.tests.test_iteration_17.TestChannelWebhooks" name="test_webhook_connected" time="0.134" /><testcase classname="backend.tests.test_iteration_17.TestChannelWebhooks" name="test_webhook_message" time="0.130" /><testcase classname="backend.tests.test_iteration_17.TestCleanup" name="test_cleanup_test_connections" time="0.227" /></testsuite></testsuites>