<?xml version="1.0" encoding="utf-8"?><testsuites name="pytest tests"><testsuite name="pytest" errors="0" failures="0" skipped="0" tests="28" time="25.155" timestamp="2026-08-31T14:38:14.809421+00:00" hostname="agent-env-394393c8-93cc-434a-a428-9a3c0b31a3fb"><testcase classname="tests.test_manual_message_dedup_and_transfer" name="test_flow_engine_transfer_message_uses_standard_schema" time="0.013" /><testcase classname="tests.test_manual_message_dedup_and_transfer" name="test_cooldown_query_supports_both_schemas" time="0.006" /><testcase classname="tests.test_bot_pause_api.TestBotSettingsAPI" name="test_default_on_when_field_missing" time="0.603" /><testcase classname="tests.test_bot_pause_api.TestBotSettingsAPI" name="test_put_persists_false" time="0.367" /><testcase classname="tests.test_bot_pause_api.TestBotSettingsAPI" name="test_put_persists_true_again" time="0.511" /><testcase classname="tests.test_bot_pause_api.TestManualBotPause" name="test_manual_pause_true_sets_flags" time="0.656" /><testcase classname="tests.test_bot_pause_api.TestManualBotPause" name="test_manual_pause_false_clears_flags" time="0.503" /><testcase classname="tests.test_bot_pause_api.TestManualBotPause" name="test_manual_pause_404_for_unknown_ticket" time="0.154" /><testcase classname="tests.test_bot_pause_api.TestAutoPauseOnAgentMessage" name="test_agent_message_pauses_bot_when_company_enabled" time="4.634" /><testcase classname="tests.test_bot_pause_api.TestAutoPauseOnAgentMessage" name="test_agent_message_does_not_pause_when_company_disabled" time="5.841" /><testcase classname="tests.test_bot_pause_api.TestAutoResumeOnClose" name="test_close_ticket_clears_bot_paused" time="0.887" /><testcase classname="tests.test_bot_pause_api.TestNonAdminPutForbidden" name="test_non_admin_put_bot_settings_returns_403" time="1.156" /><testcase classname="tests.test_flow_engine_ticket_menu" name="test_ticket_node_single_analyst_routes_direct_without_menu" time="0.000" /><testcase classname="tests.test_flow_engine_ticket_menu" name="test_ticket_node_legacy_assigned_user_id_single_still_works" time="0.000" /><testcase classname="tests.test_flow_engine_ticket_menu" name="test_ticket_node_no_analyst_falls_to_queue" time="0.000" /><testcase classname="tests.test_flow_engine_ticket_menu" name="test_ticket_node_two_analysts_renders_menu_and_pauses" time="0.000" /><testcase classname="tests.test_flow_engine_ticket_menu" name="test_ticket_node_one_analyst_plus_any_renders_menu" time="0.000" /><testcase classname="tests.test_flow_engine_ticket_menu" name="test_ticket_node_menu_valid_reply_assigns_user" time="0.000" /><testcase classname="tests.test_flow_engine_ticket_menu" name="test_ticket_node_menu_any_option_picked_falls_to_queue" time="0.000" /><testcase classname="tests.test_flow_engine_ticket_menu" name="test_ticket_node_menu_invalid_reply_falls_to_default_queue" time="0.000" /><testcase classname="tests.test_iteration_66.TestBotPauseEndpoint" name="test_pause_then_resume" time="1.540" /><testcase classname="tests.test_iteration_66.TestBotPauseEndpoint" name="test_unknown_ticket_404" time="0.121" /><testcase classname="tests.test_iteration_66.TestBotPauseEndpoint" name="test_requires_auth" time="0.211" /><testcase classname="tests.test_iteration_66.TestTransientRetry" name="test_transient_then_success_retries_once" time="3.165" /><testcase classname="tests.test_iteration_66.TestTransientRetry" name="test_transient_all_three_attempts_fail" time="3.010" /><testcase classname="tests.test_iteration_66.TestTransientRetry" name="test_non_transient_does_not_retry" time="0.007" /><testcase classname="tests.test_iteration_66.TestTransientRetry" name="test_healthy_first_attempt" time="0.006" /><testcase classname="tests.test_iteration_66.TestTransientRetry" name="test_httpx_timeout_exception_retries" time="1.508" /></testsuite></testsuites>