<?xml version="1.0" encoding="utf-8"?><testsuites name="pytest tests"><testsuite name="pytest" errors="0" failures="0" skipped="0" tests="13" time="6.177" timestamp="2026-04-16T23:22:01.309834+00:00" hostname="agent-env-394393c8-93cc-434a-a428-9a3c0b31a3fb"><testcase classname="backend.tests.test_super_admin_api.TestAdminLogin" name="test_admin_login_success" time="0.419" /><testcase classname="backend.tests.test_super_admin_api.TestAdminLogin" name="test_admin_login_wrong_password" time="0.366" /><testcase classname="backend.tests.test_super_admin_api.TestAdminLogin" name="test_regular_user_cannot_login_as_admin" time="0.132" /><testcase classname="backend.tests.test_super_admin_api.TestRegularLogin" name="test_regular_login_success" time="0.364" /><testcase classname="backend.tests.test_super_admin_api.TestSuperAdminDashboard" name="test_get_dashboard" time="0.470" /><testcase classname="backend.tests.test_super_admin_api.TestSuperAdminCompanies" name="test_list_companies" time="0.457" /><testcase classname="backend.tests.test_super_admin_api.TestSuperAdminCompanies" name="test_create_company_with_subdomain" time="0.706" /><testcase classname="backend.tests.test_super_admin_api.TestSuperAdminCompanies" name="test_update_company_subdomain" time="0.949" /><testcase classname="backend.tests.test_super_admin_api.TestSuperAdminCompanies" name="test_company_subdomain_syncs_with_booking_page" time="0.951" /><testcase classname="backend.tests.test_super_admin_api.TestSuperAdminBusinessTypes" name="test_list_business_types" time="0.547" /><testcase classname="backend.tests.test_super_admin_api.TestSuperAdminBusinessTypes" name="test_get_all_features" time="0.490" /><testcase classname="backend.tests.test_super_admin_api.TestPublicBookingPage" name="test_public_booking_page_accessible" time="0.119" /><testcase classname="backend.tests.test_super_admin_api.TestPublicBookingPage" name="test_public_booking_agentcrm_book" time="0.118" /></testsuite></testsuites>